{"/home/tims/Dev/cenadi-backend-website-final/src/config/db.js": {"path":"/home/tims/Dev/cenadi-backend-website-final/src/config/db.js","statementMap":{"0":{"start":{"line":2,"column":0},"end":{"line":2,"column":27}},"1":{"start":{"line":4,"column":17},"end":{"line":4,"column":30}},"2":{"start":{"line":5,"column":13},"end":{"line":11,"column":2}},"3":{"start":{"line":13,"column":0},"end":{"line":13,"column":22}}},"fnMap":{},"branchMap":{},"s":{"0":2,"1":2,"2":2,"3":2},"f":{},"b":{},"_coverageSchema":"1a1c01bbd47fc00a2c39e90264f33305004495a9","hash":"01736828b554d7fb5c8ee936a8945316cd44e3f4"}
,"/home/tims/Dev/cenadi-backend-website-final/src/config/logger.js": {"path":"/home/tims/Dev/cenadi-backend-website-final/src/config/logger.js","statementMap":{"0":{"start":{"line":1,"column":16},"end":{"line":1,"column":34}},"1":{"start":{"line":2,"column":13},"end":{"line":2,"column":28}},"2":{"start":{"line":3,"column":11},"end":{"line":3,"column":24}},"3":{"start":{"line":6,"column":16},"end":{"line":6,"column":50}},"4":{"start":{"line":7,"column":0},"end":{"line":9,"column":1}},"5":{"start":{"line":8,"column":2},"end":{"line":8,"column":45}},"6":{"start":{"line":12,"column":21},"end":{"line":30,"column":1}},"7":{"start":{"line":16,"column":14},"end":{"line":16,"column":67}},"8":{"start":{"line":19,"column":4},"end":{"line":21,"column":5}},"9":{"start":{"line":20,"column":6},"end":{"line":20,"column":42}},"10":{"start":{"line":24,"column":4},"end":{"line":26,"column":5}},"11":{"start":{"line":25,"column":6},"end":{"line":25,"column":26}},"12":{"start":{"line":28,"column":4},"end":{"line":28,"column":15}},"13":{"start":{"line":33,"column":15},"end":{"line":52,"column":2}},"14":{"start":{"line":55,"column":0},"end":{"line":64,"column":1}},"15":{"start":{"line":56,"column":2},"end":{"line":63,"column":4}},"16":{"start":{"line":67,"column":0},"end":{"line":67,"column":24}}},"fnMap":{"0":{"name":"(anonymous_0)","decl":{"start":{"line":15,"column":24},"end":{"line":15,"column":25}},"loc":{"start":{"line":15,"column":75},"end":{"line":29,"column":3}},"line":15}},"branchMap":{"0":{"loc":{"start":{"line":7,"column":0},"end":{"line":9,"column":1}},"type":"if","locations":[{"start":{"line":7,"column":0},"end":{"line":9,"column":1}},{"start":{},"end":{}}],"line":7},"1":{"loc":{"start":{"line":19,"column":4},"end":{"line":21,"column":5}},"type":"if","locations":[{"start":{"line":19,"column":4},"end":{"line":21,"column":5}},{"start":{},"end":{}}],"line":19},"2":{"loc":{"start":{"line":24,"column":4},"end":{"line":26,"column":5}},"type":"if","locations":[{"start":{"line":24,"column":4},"end":{"line":26,"column":5}},{"start":{},"end":{}}],"line":24},"3":{"loc":{"start":{"line":34,"column":9},"end":{"line":34,"column":40}},"type":"binary-expr","locations":[{"start":{"line":34,"column":9},"end":{"line":34,"column":30}},{"start":{"line":34,"column":34},"end":{"line":34,"column":40}}],"line":34},"4":{"loc":{"start":{"line":55,"column":0},"end":{"line":64,"column":1}},"type":"if","locations":[{"start":{"line":55,"column":0},"end":{"line":64,"column":1}},{"start":{},"end":{}}],"line":55}},"s":{"0":1,"1":1,"2":1,"3":1,"4":1,"5":0,"6":1,"7":0,"8":0,"9":0,"10":0,"11":0,"12":0,"13":1,"14":1,"15":1,"16":1},"f":{"0":0},"b":{"0":[0,1],"1":[0,0],"2":[0,0],"3":[1,1],"4":[1,0]},"_coverageSchema":"1a1c01bbd47fc00a2c39e90264f33305004495a9","hash":"3a923d7aee0af071ce11efc53b24b6d18cb35c29"}
,"/home/tims/Dev/cenadi-backend-website-final/src/config/smtp_contact.js": {"path":"/home/tims/Dev/cenadi-backend-website-final/src/config/smtp_contact.js","statementMap":{"0":{"start":{"line":1,"column":0},"end":{"line":1,"column":27}},"1":{"start":{"line":3,"column":27},"end":{"line":12,"column":1}},"2":{"start":{"line":14,"column":0},"end":{"line":14,"column":36}}},"fnMap":{},"branchMap":{},"s":{"0":0,"1":0,"2":0},"f":{},"b":{}}
,"/home/tims/Dev/cenadi-backend-website-final/src/config/smtp_subscribe.js": {"path":"/home/tims/Dev/cenadi-backend-website-final/src/config/smtp_subscribe.js","statementMap":{"0":{"start":{"line":1,"column":0},"end":{"line":1,"column":27}},"1":{"start":{"line":3,"column":29},"end":{"line":12,"column":1}},"2":{"start":{"line":14,"column":0},"end":{"line":14,"column":38}}},"fnMap":{},"branchMap":{},"s":{"0":0,"1":0,"2":0},"f":{},"b":{}}
,"/home/tims/Dev/cenadi-backend-website-final/src/controllers/assetController.js": {"path":"/home/tims/Dev/cenadi-backend-website-final/src/controllers/assetController.js","statementMap":{"0":{"start":{"line":1,"column":13},"end":{"line":1,"column":36}},"1":{"start":{"line":3,"column":21},"end":{"line":11,"column":1}},"2":{"start":{"line":4,"column":4},"end":{"line":10,"column":5}},"3":{"start":{"line":5,"column":23},"end":{"line":5,"column":63}},"4":{"start":{"line":6,"column":8},"end":{"line":6,"column":103}},"5":{"start":{"line":8,"column":8},"end":{"line":8,"column":54}},"6":{"start":{"line":9,"column":8},"end":{"line":9,"column":108}},"7":{"start":{"line":13,"column":21},"end":{"line":23,"column":1}},"8":{"start":{"line":14,"column":4},"end":{"line":22,"column":5}},"9":{"start":{"line":15,"column":28},"end":{"line":15,"column":38}},"10":{"start":{"line":16,"column":23},"end":{"line":16,"column":94}},"11":{"start":{"line":17,"column":8},"end":{"line":17,"column":114}},"12":{"start":{"line":17,"column":38},"end":{"line":17,"column":114}},"13":{"start":{"line":18,"column":8},"end":{"line":18,"column":78}},"14":{"start":{"line":20,"column":8},"end":{"line":20,"column":55}},"15":{"start":{"line":21,"column":8},"end":{"line":21,"column":86}},"16":{"start":{"line":25,"column":20},"end":{"line":40,"column":1}},"17":{"start":{"line":26,"column":4},"end":{"line":39,"column":5}},"18":{"start":{"line":27,"column":80},"end":{"line":27,"column":88}},"19":{"start":{"line":28,"column":8},"end":{"line":30,"column":9}},"20":{"start":{"line":29,"column":12},"end":{"line":29,"column":96}},"21":{"start":{"line":31,"column":23},"end":{"line":34,"column":9}},"22":{"start":{"line":35,"column":8},"end":{"line":35,"column":104}},"23":{"start":{"line":37,"column":8},"end":{"line":37,"column":52}},"24":{"start":{"line":38,"column":8},"end":{"line":38,"column":86}},"25":{"start":{"line":42,"column":20},"end":{"line":60,"column":1}},"26":{"start":{"line":43,"column":4},"end":{"line":59,"column":5}},"27":{"start":{"line":44,"column":28},"end":{"line":44,"column":38}},"28":{"start":{"line":45,"column":28},"end":{"line":45,"column":99}},"29":{"start":{"line":46,"column":8},"end":{"line":46,"column":119}},"30":{"start":{"line":46,"column":43},"end":{"line":46,"column":119}},"31":{"start":{"line":48,"column":80},"end":{"line":48,"column":88}},"32":{"start":{"line":49,"column":24},"end":{"line":49,"column":43}},"33":{"start":{"line":50,"column":23},"end":{"line":54,"column":9}},"34":{"start":{"line":55,"column":8},"end":{"line":55,"column":104}},"35":{"start":{"line":57,"column":8},"end":{"line":57,"column":52}},"36":{"start":{"line":58,"column":8},"end":{"line":58,"column":86}},"37":{"start":{"line":62,"column":20},"end":{"line":73,"column":1}},"38":{"start":{"line":63,"column":4},"end":{"line":72,"column":5}},"39":{"start":{"line":64,"column":28},"end":{"line":64,"column":38}},"40":{"start":{"line":65,"column":28},"end":{"line":65,"column":99}},"41":{"start":{"line":66,"column":8},"end":{"line":66,"column":119}},"42":{"start":{"line":66,"column":43},"end":{"line":66,"column":119}},"43":{"start":{"line":67,"column":8},"end":{"line":67,"column":78}},"44":{"start":{"line":68,"column":8},"end":{"line":68,"column":81}},"45":{"start":{"line":70,"column":8},"end":{"line":70,"column":52}},"46":{"start":{"line":71,"column":8},"end":{"line":71,"column":86}},"47":{"start":{"line":75,"column":0},"end":{"line":75,"column":87}}},"fnMap":{"0":{"name":"(anonymous_0)","decl":{"start":{"line":3,"column":21},"end":{"line":3,"column":22}},"loc":{"start":{"line":3,"column":41},"end":{"line":11,"column":1}},"line":3},"1":{"name":"(anonymous_1)","decl":{"start":{"line":13,"column":21},"end":{"line":13,"column":22}},"loc":{"start":{"line":13,"column":41},"end":{"line":23,"column":1}},"line":13},"2":{"name":"(anonymous_2)","decl":{"start":{"line":25,"column":20},"end":{"line":25,"column":21}},"loc":{"start":{"line":25,"column":40},"end":{"line":40,"column":1}},"line":25},"3":{"name":"(anonymous_3)","decl":{"start":{"line":42,"column":20},"end":{"line":42,"column":21}},"loc":{"start":{"line":42,"column":40},"end":{"line":60,"column":1}},"line":42},"4":{"name":"(anonymous_4)","decl":{"start":{"line":62,"column":20},"end":{"line":62,"column":21}},"loc":{"start":{"line":62,"column":40},"end":{"line":73,"column":1}},"line":62}},"branchMap":{"0":{"loc":{"start":{"line":17,"column":8},"end":{"line":17,"column":114}},"type":"if","locations":[{"start":{"line":17,"column":8},"end":{"line":17,"column":114}},{"start":{},"end":{}}],"line":17},"1":{"loc":{"start":{"line":28,"column":8},"end":{"line":30,"column":9}},"type":"if","locations":[{"start":{"line":28,"column":8},"end":{"line":30,"column":9}},{"start":{},"end":{}}],"line":28},"2":{"loc":{"start":{"line":28,"column":12},"end":{"line":28,"column":84}},"type":"binary-expr","locations":[{"start":{"line":28,"column":12},"end":{"line":28,"column":20}},{"start":{"line":28,"column":24},"end":{"line":28,"column":32}},{"start":{"line":28,"column":36},"end":{"line":28,"column":51}},{"start":{"line":28,"column":55},"end":{"line":28,"column":70}},{"start":{"line":28,"column":74},"end":{"line":28,"column":84}}],"line":28},"3":{"loc":{"start":{"line":46,"column":8},"end":{"line":46,"column":119}},"type":"if","locations":[{"start":{"line":46,"column":8},"end":{"line":46,"column":119}},{"start":{},"end":{}}],"line":46},"4":{"loc":{"start":{"line":52,"column":13},"end":{"line":52,"column":39}},"type":"binary-expr","locations":[{"start":{"line":52,"column":13},"end":{"line":52,"column":20}},{"start":{"line":52,"column":24},"end":{"line":52,"column":39}}],"line":52},"5":{"loc":{"start":{"line":52,"column":41},"end":{"line":52,"column":67}},"type":"binary-expr","locations":[{"start":{"line":52,"column":41},"end":{"line":52,"column":48}},{"start":{"line":52,"column":52},"end":{"line":52,"column":67}}],"line":52},"6":{"loc":{"start":{"line":52,"column":69},"end":{"line":52,"column":109}},"type":"binary-expr","locations":[{"start":{"line":52,"column":69},"end":{"line":52,"column":83}},{"start":{"line":52,"column":87},"end":{"line":52,"column":109}}],"line":52},"7":{"loc":{"start":{"line":53,"column":13},"end":{"line":53,"column":53}},"type":"binary-expr","locations":[{"start":{"line":53,"column":13},"end":{"line":53,"column":27}},{"start":{"line":53,"column":31},"end":{"line":53,"column":53}}],"line":53},"8":{"loc":{"start":{"line":53,"column":55},"end":{"line":53,"column":85}},"type":"binary-expr","locations":[{"start":{"line":53,"column":55},"end":{"line":53,"column":64}},{"start":{"line":53,"column":68},"end":{"line":53,"column":85}}],"line":53},"9":{"loc":{"start":{"line":66,"column":8},"end":{"line":66,"column":119}},"type":"if","locations":[{"start":{"line":66,"column":8},"end":{"line":66,"column":119}},{"start":{},"end":{}}],"line":66}},"s":{"0":0,"1":0,"2":0,"3":0,"4":0,"5":0,"6":0,"7":0,"8":0,"9":0,"10":0,"11":0,"12":0,"13":0,"14":0,"15":0,"16":0,"17":0,"18":0,"19":0,"20":0,"21":0,"22":0,"23":0,"24":0,"25":0,"26":0,"27":0,"28":0,"29":0,"30":0,"31":0,"32":0,"33":0,"34":0,"35":0,"36":0,"37":0,"38":0,"39":0,"40":0,"41":0,"42":0,"43":0,"44":0,"45":0,"46":0,"47":0},"f":{"0":0,"1":0,"2":0,"3":0,"4":0},"b":{"0":[0,0],"1":[0,0],"2":[0,0,0,0,0],"3":[0,0],"4":[0,0],"5":[0,0],"6":[0,0],"7":[0,0],"8":[0,0],"9":[0,0]}}
,"/home/tims/Dev/cenadi-backend-website-final/src/controllers/categoryControllers.js": {"path":"/home/tims/Dev/cenadi-backend-website-final/src/controllers/categoryControllers.js","statementMap":{"0":{"start":{"line":1,"column":13},"end":{"line":1,"column":36}},"1":{"start":{"line":4,"column":25},"end":{"line":22,"column":1}},"2":{"start":{"line":5,"column":4},"end":{"line":21,"column":5}},"3":{"start":{"line":6,"column":23},"end":{"line":8,"column":9}},"4":{"start":{"line":10,"column":8},"end":{"line":14,"column":11}},"5":{"start":{"line":16,"column":8},"end":{"line":16,"column":58}},"6":{"start":{"line":17,"column":8},"end":{"line":20,"column":11}},"7":{"start":{"line":25,"column":24},"end":{"line":52,"column":1}},"8":{"start":{"line":26,"column":4},"end":{"line":51,"column":5}},"9":{"start":{"line":27,"column":31},"end":{"line":27,"column":41}},"10":{"start":{"line":29,"column":23},"end":{"line":32,"column":9}},"11":{"start":{"line":34,"column":8},"end":{"line":39,"column":9}},"12":{"start":{"line":35,"column":12},"end":{"line":38,"column":15}},"13":{"start":{"line":41,"column":8},"end":{"line":44,"column":11}},"14":{"start":{"line":46,"column":8},"end":{"line":46,"column":58}},"15":{"start":{"line":47,"column":8},"end":{"line":50,"column":11}},"16":{"start":{"line":55,"column":23},"end":{"line":83,"column":1}},"17":{"start":{"line":56,"column":4},"end":{"line":82,"column":5}},"18":{"start":{"line":57,"column":37},"end":{"line":57,"column":45}},"19":{"start":{"line":59,"column":8},"end":{"line":64,"column":9}},"20":{"start":{"line":60,"column":12},"end":{"line":63,"column":15}},"21":{"start":{"line":66,"column":23},"end":{"line":69,"column":9}},"22":{"start":{"line":71,"column":8},"end":{"line":75,"column":11}},"23":{"start":{"line":77,"column":8},"end":{"line":77,"column":55}},"24":{"start":{"line":78,"column":8},"end":{"line":81,"column":11}},"25":{"start":{"line":86,"column":23},"end":{"line":132,"column":1}},"26":{"start":{"line":87,"column":4},"end":{"line":131,"column":5}},"27":{"start":{"line":88,"column":31},"end":{"line":88,"column":41}},"28":{"start":{"line":89,"column":37},"end":{"line":89,"column":45}},"29":{"start":{"line":91,"column":8},"end":{"line":96,"column":9}},"30":{"start":{"line":92,"column":12},"end":{"line":95,"column":15}},"31":{"start":{"line":99,"column":28},"end":{"line":102,"column":9}},"32":{"start":{"line":104,"column":8},"end":{"line":109,"column":9}},"33":{"start":{"line":105,"column":12},"end":{"line":108,"column":15}},"34":{"start":{"line":111,"column":32},"end":{"line":111,"column":51}},"35":{"start":{"line":112,"column":30},"end":{"line":112,"column":64}},"36":{"start":{"line":113,"column":30},"end":{"line":113,"column":64}},"37":{"start":{"line":115,"column":23},"end":{"line":118,"column":9}},"38":{"start":{"line":120,"column":8},"end":{"line":124,"column":11}},"39":{"start":{"line":126,"column":8},"end":{"line":126,"column":55}},"40":{"start":{"line":127,"column":8},"end":{"line":130,"column":11}},"41":{"start":{"line":135,"column":23},"end":{"line":178,"column":1}},"42":{"start":{"line":136,"column":4},"end":{"line":177,"column":5}},"43":{"start":{"line":137,"column":31},"end":{"line":137,"column":41}},"44":{"start":{"line":140,"column":28},"end":{"line":143,"column":9}},"45":{"start":{"line":145,"column":8},"end":{"line":150,"column":9}},"46":{"start":{"line":146,"column":12},"end":{"line":149,"column":15}},"47":{"start":{"line":153,"column":30},"end":{"line":156,"column":9}},"48":{"start":{"line":158,"column":8},"end":{"line":163,"column":9}},"49":{"start":{"line":159,"column":12},"end":{"line":162,"column":15}},"50":{"start":{"line":165,"column":8},"end":{"line":165,"column":88}},"51":{"start":{"line":167,"column":8},"end":{"line":170,"column":11}},"52":{"start":{"line":172,"column":8},"end":{"line":172,"column":55}},"53":{"start":{"line":173,"column":8},"end":{"line":176,"column":11}},"54":{"start":{"line":180,"column":0},"end":{"line":186,"column":2}}},"fnMap":{"0":{"name":"(anonymous_0)","decl":{"start":{"line":4,"column":25},"end":{"line":4,"column":26}},"loc":{"start":{"line":4,"column":45},"end":{"line":22,"column":1}},"line":4},"1":{"name":"(anonymous_1)","decl":{"start":{"line":25,"column":24},"end":{"line":25,"column":25}},"loc":{"start":{"line":25,"column":44},"end":{"line":52,"column":1}},"line":25},"2":{"name":"(anonymous_2)","decl":{"start":{"line":55,"column":23},"end":{"line":55,"column":24}},"loc":{"start":{"line":55,"column":43},"end":{"line":83,"column":1}},"line":55},"3":{"name":"(anonymous_3)","decl":{"start":{"line":86,"column":23},"end":{"line":86,"column":24}},"loc":{"start":{"line":86,"column":43},"end":{"line":132,"column":1}},"line":86},"4":{"name":"(anonymous_4)","decl":{"start":{"line":135,"column":23},"end":{"line":135,"column":24}},"loc":{"start":{"line":135,"column":43},"end":{"line":178,"column":1}},"line":135}},"branchMap":{"0":{"loc":{"start":{"line":34,"column":8},"end":{"line":39,"column":9}},"type":"if","locations":[{"start":{"line":34,"column":8},"end":{"line":39,"column":9}},{"start":{},"end":{}}],"line":34},"1":{"loc":{"start":{"line":59,"column":8},"end":{"line":64,"column":9}},"type":"if","locations":[{"start":{"line":59,"column":8},"end":{"line":64,"column":9}},{"start":{},"end":{}}],"line":59},"2":{"loc":{"start":{"line":59,"column":12},"end":{"line":59,"column":32}},"type":"binary-expr","locations":[{"start":{"line":59,"column":12},"end":{"line":59,"column":20}},{"start":{"line":59,"column":24},"end":{"line":59,"column":32}}],"line":59},"3":{"loc":{"start":{"line":91,"column":8},"end":{"line":96,"column":9}},"type":"if","locations":[{"start":{"line":91,"column":8},"end":{"line":96,"column":9}},{"start":{},"end":{}}],"line":91},"4":{"loc":{"start":{"line":91,"column":12},"end":{"line":91,"column":32}},"type":"binary-expr","locations":[{"start":{"line":91,"column":12},"end":{"line":91,"column":20}},{"start":{"line":91,"column":24},"end":{"line":91,"column":32}}],"line":91},"5":{"loc":{"start":{"line":104,"column":8},"end":{"line":109,"column":9}},"type":"if","locations":[{"start":{"line":104,"column":8},"end":{"line":109,"column":9}},{"start":{},"end":{}}],"line":104},"6":{"loc":{"start":{"line":112,"column":30},"end":{"line":112,"column":64}},"type":"binary-expr","locations":[{"start":{"line":112,"column":30},"end":{"line":112,"column":37}},{"start":{"line":112,"column":41},"end":{"line":112,"column":64}}],"line":112},"7":{"loc":{"start":{"line":113,"column":30},"end":{"line":113,"column":64}},"type":"binary-expr","locations":[{"start":{"line":113,"column":30},"end":{"line":113,"column":37}},{"start":{"line":113,"column":41},"end":{"line":113,"column":64}}],"line":113},"8":{"loc":{"start":{"line":145,"column":8},"end":{"line":150,"column":9}},"type":"if","locations":[{"start":{"line":145,"column":8},"end":{"line":150,"column":9}},{"start":{},"end":{}}],"line":145},"9":{"loc":{"start":{"line":158,"column":8},"end":{"line":163,"column":9}},"type":"if","locations":[{"start":{"line":158,"column":8},"end":{"line":163,"column":9}},{"start":{},"end":{}}],"line":158}},"s":{"0":1,"1":1,"2":2,"3":2,"4":2,"5":2,"6":2,"7":1,"8":0,"9":0,"10":0,"11":0,"12":0,"13":0,"14":0,"15":0,"16":1,"17":0,"18":0,"19":0,"20":0,"21":0,"22":0,"23":0,"24":0,"25":1,"26":0,"27":0,"28":0,"29":0,"30":0,"31":0,"32":0,"33":0,"34":0,"35":0,"36":0,"37":0,"38":0,"39":0,"40":0,"41":1,"42":0,"43":0,"44":0,"45":0,"46":0,"47":0,"48":0,"49":0,"50":0,"51":0,"52":0,"53":0,"54":1},"f":{"0":2,"1":0,"2":0,"3":0,"4":0},"b":{"0":[0,0],"1":[0,0],"2":[0,0],"3":[0,0],"4":[0,0],"5":[0,0],"6":[0,0],"7":[0,0],"8":[0,0],"9":[0,0]},"_coverageSchema":"1a1c01bbd47fc00a2c39e90264f33305004495a9","hash":"a017640fce24853a9501c22fa31a86338ede794c"}
,"/home/tims/Dev/cenadi-backend-website-final/src/controllers/contactController.js": {"path":"/home/tims/Dev/cenadi-backend-website-final/src/controllers/contactController.js","statementMap":{"0":{"start":{"line":1,"column":19},"end":{"line":1,"column":40}},"1":{"start":{"line":2,"column":12},"end":{"line":2,"column":26}},"2":{"start":{"line":3,"column":13},"end":{"line":3,"column":28}},"3":{"start":{"line":4,"column":19},"end":{"line":4,"column":52}},"4":{"start":{"line":6,"column":25},"end":{"line":51,"column":1}},"5":{"start":{"line":7,"column":2},"end":{"line":50,"column":3}},"6":{"start":{"line":8,"column":70},"end":{"line":8,"column":78}},"7":{"start":{"line":11,"column":4},"end":{"line":16,"column":5}},"8":{"start":{"line":12,"column":6},"end":{"line":15,"column":9}},"9":{"start":{"line":19,"column":24},"end":{"line":19,"column":62}},"10":{"start":{"line":22,"column":17},"end":{"line":25,"column":5}},"11":{"start":{"line":28,"column":24},"end":{"line":34,"column":5}},"12":{"start":{"line":37,"column":4},"end":{"line":37,"column":44}},"13":{"start":{"line":39,"column":4},"end":{"line":42,"column":7}},"14":{"start":{"line":45,"column":4},"end":{"line":45,"column":57}},"15":{"start":{"line":46,"column":4},"end":{"line":49,"column":7}},"16":{"start":{"line":53,"column":0},"end":{"line":53,"column":38}}},"fnMap":{"0":{"name":"(anonymous_0)","decl":{"start":{"line":6,"column":25},"end":{"line":6,"column":26}},"loc":{"start":{"line":6,"column":45},"end":{"line":51,"column":1}},"line":6}},"branchMap":{"0":{"loc":{"start":{"line":11,"column":4},"end":{"line":16,"column":5}},"type":"if","locations":[{"start":{"line":11,"column":4},"end":{"line":16,"column":5}},{"start":{},"end":{}}],"line":11},"1":{"loc":{"start":{"line":11,"column":8},"end":{"line":11,"column":77}},"type":"binary-expr","locations":[{"start":{"line":11,"column":8},"end":{"line":11,"column":14}},{"start":{"line":11,"column":18},"end":{"line":11,"column":29}},{"start":{"line":11,"column":33},"end":{"line":11,"column":43}},{"start":{"line":11,"column":47},"end":{"line":11,"column":53}},{"start":{"line":11,"column":57},"end":{"line":11,"column":65}},{"start":{"line":11,"column":69},"end":{"line":11,"column":77}}],"line":11}},"s":{"0":0,"1":0,"2":0,"3":0,"4":0,"5":0,"6":0,"7":0,"8":0,"9":0,"10":0,"11":0,"12":0,"13":0,"14":0,"15":0,"16":0},"f":{"0":0},"b":{"0":[0,0],"1":[0,0,0,0,0,0]}}
,"/home/tims/Dev/cenadi-backend-website-final/src/controllers/directorWordController.js": {"path":"/home/tims/Dev/cenadi-backend-website-final/src/controllers/directorWordController.js","statementMap":{"0":{"start":{"line":1,"column":13},"end":{"line":1,"column":36}},"1":{"start":{"line":3,"column":27},"end":{"line":14,"column":1}},"2":{"start":{"line":4,"column":4},"end":{"line":13,"column":5}},"3":{"start":{"line":5,"column":23},"end":{"line":5,"column":82}},"4":{"start":{"line":6,"column":8},"end":{"line":8,"column":9}},"5":{"start":{"line":7,"column":12},"end":{"line":7,"column":99}},"6":{"start":{"line":9,"column":8},"end":{"line":9,"column":80}},"7":{"start":{"line":11,"column":8},"end":{"line":11,"column":60}},"8":{"start":{"line":12,"column":8},"end":{"line":12,"column":86}},"9":{"start":{"line":16,"column":38},"end":{"line":56,"column":1}},"10":{"start":{"line":17,"column":4},"end":{"line":55,"column":5}},"11":{"start":{"line":21,"column":12},"end":{"line":21,"column":20}},"12":{"start":{"line":23,"column":8},"end":{"line":25,"column":9}},"13":{"start":{"line":24,"column":12},"end":{"line":24,"column":96}},"14":{"start":{"line":28,"column":28},"end":{"line":28,"column":87}},"15":{"start":{"line":31,"column":8},"end":{"line":49,"column":9}},"16":{"start":{"line":33,"column":12},"end":{"line":39,"column":14}},"17":{"start":{"line":42,"column":12},"end":{"line":48,"column":14}},"18":{"start":{"line":51,"column":8},"end":{"line":51,"column":112}},"19":{"start":{"line":53,"column":8},"end":{"line":53,"column":70}},"20":{"start":{"line":54,"column":8},"end":{"line":54,"column":86}},"21":{"start":{"line":58,"column":0},"end":{"line":58,"column":71}}},"fnMap":{"0":{"name":"(anonymous_0)","decl":{"start":{"line":3,"column":27},"end":{"line":3,"column":28}},"loc":{"start":{"line":3,"column":47},"end":{"line":14,"column":1}},"line":3},"1":{"name":"(anonymous_1)","decl":{"start":{"line":16,"column":38},"end":{"line":16,"column":39}},"loc":{"start":{"line":16,"column":58},"end":{"line":56,"column":1}},"line":16}},"branchMap":{"0":{"loc":{"start":{"line":6,"column":8},"end":{"line":8,"column":9}},"type":"if","locations":[{"start":{"line":6,"column":8},"end":{"line":8,"column":9}},{"start":{},"end":{}}],"line":6},"1":{"loc":{"start":{"line":23,"column":8},"end":{"line":25,"column":9}},"type":"if","locations":[{"start":{"line":23,"column":8},"end":{"line":25,"column":9}},{"start":{},"end":{}}],"line":23},"2":{"loc":{"start":{"line":23,"column":12},"end":{"line":23,"column":112}},"type":"binary-expr","locations":[{"start":{"line":23,"column":12},"end":{"line":23,"column":26}},{"start":{"line":23,"column":30},"end":{"line":23,"column":39}},{"start":{"line":23,"column":43},"end":{"line":23,"column":52}},{"start":{"line":23,"column":56},"end":{"line":23,"column":67}},{"start":{"line":23,"column":71},"end":{"line":23,"column":82}},{"start":{"line":23,"column":86},"end":{"line":23,"column":97}},{"start":{"line":23,"column":101},"end":{"line":23,"column":112}}],"line":23},"3":{"loc":{"start":{"line":31,"column":8},"end":{"line":49,"column":9}},"type":"if","locations":[{"start":{"line":31,"column":8},"end":{"line":49,"column":9}},{"start":{"line":40,"column":15},"end":{"line":49,"column":9}}],"line":31}},"s":{"0":0,"1":0,"2":0,"3":0,"4":0,"5":0,"6":0,"7":0,"8":0,"9":0,"10":0,"11":0,"12":0,"13":0,"14":0,"15":0,"16":0,"17":0,"18":0,"19":0,"20":0,"21":0},"f":{"0":0,"1":0},"b":{"0":[0,0],"1":[0,0],"2":[0,0,0,0,0,0,0],"3":[0,0]}}
,"/home/tims/Dev/cenadi-backend-website-final/src/controllers/ebookController.js": {"path":"/home/tims/Dev/cenadi-backend-website-final/src/controllers/ebookController.js","statementMap":{"0":{"start":{"line":1,"column":13},"end":{"line":1,"column":36}},"1":{"start":{"line":3,"column":21},"end":{"line":11,"column":1}},"2":{"start":{"line":4,"column":4},"end":{"line":10,"column":5}},"3":{"start":{"line":5,"column":23},"end":{"line":5,"column":87}},"4":{"start":{"line":6,"column":8},"end":{"line":6,"column":103}},"5":{"start":{"line":8,"column":8},"end":{"line":8,"column":54}},"6":{"start":{"line":9,"column":8},"end":{"line":9,"column":108}},"7":{"start":{"line":13,"column":21},"end":{"line":23,"column":1}},"8":{"start":{"line":14,"column":4},"end":{"line":22,"column":5}},"9":{"start":{"line":15,"column":28},"end":{"line":15,"column":38}},"10":{"start":{"line":16,"column":23},"end":{"line":16,"column":93}},"11":{"start":{"line":17,"column":8},"end":{"line":17,"column":114}},"12":{"start":{"line":17,"column":38},"end":{"line":17,"column":114}},"13":{"start":{"line":18,"column":8},"end":{"line":18,"column":78}},"14":{"start":{"line":20,"column":8},"end":{"line":20,"column":55}},"15":{"start":{"line":21,"column":8},"end":{"line":21,"column":86}},"16":{"start":{"line":25,"column":20},"end":{"line":40,"column":1}},"17":{"start":{"line":26,"column":4},"end":{"line":39,"column":5}},"18":{"start":{"line":27,"column":88},"end":{"line":27,"column":96}},"19":{"start":{"line":28,"column":8},"end":{"line":30,"column":9}},"20":{"start":{"line":29,"column":12},"end":{"line":29,"column":96}},"21":{"start":{"line":31,"column":23},"end":{"line":34,"column":9}},"22":{"start":{"line":35,"column":8},"end":{"line":35,"column":104}},"23":{"start":{"line":37,"column":8},"end":{"line":37,"column":52}},"24":{"start":{"line":38,"column":8},"end":{"line":38,"column":86}},"25":{"start":{"line":42,"column":20},"end":{"line":60,"column":1}},"26":{"start":{"line":43,"column":4},"end":{"line":59,"column":5}},"27":{"start":{"line":44,"column":28},"end":{"line":44,"column":38}},"28":{"start":{"line":45,"column":28},"end":{"line":45,"column":98}},"29":{"start":{"line":46,"column":8},"end":{"line":46,"column":119}},"30":{"start":{"line":46,"column":43},"end":{"line":46,"column":119}},"31":{"start":{"line":48,"column":88},"end":{"line":48,"column":96}},"32":{"start":{"line":49,"column":24},"end":{"line":49,"column":43}},"33":{"start":{"line":50,"column":23},"end":{"line":54,"column":9}},"34":{"start":{"line":55,"column":8},"end":{"line":55,"column":104}},"35":{"start":{"line":57,"column":8},"end":{"line":57,"column":52}},"36":{"start":{"line":58,"column":8},"end":{"line":58,"column":86}},"37":{"start":{"line":62,"column":20},"end":{"line":73,"column":1}},"38":{"start":{"line":63,"column":4},"end":{"line":72,"column":5}},"39":{"start":{"line":64,"column":28},"end":{"line":64,"column":38}},"40":{"start":{"line":65,"column":28},"end":{"line":65,"column":98}},"41":{"start":{"line":66,"column":8},"end":{"line":66,"column":119}},"42":{"start":{"line":66,"column":43},"end":{"line":66,"column":119}},"43":{"start":{"line":67,"column":8},"end":{"line":67,"column":77}},"44":{"start":{"line":68,"column":8},"end":{"line":68,"column":81}},"45":{"start":{"line":70,"column":8},"end":{"line":70,"column":52}},"46":{"start":{"line":71,"column":8},"end":{"line":71,"column":86}},"47":{"start":{"line":75,"column":0},"end":{"line":75,"column":87}}},"fnMap":{"0":{"name":"(anonymous_0)","decl":{"start":{"line":3,"column":21},"end":{"line":3,"column":22}},"loc":{"start":{"line":3,"column":41},"end":{"line":11,"column":1}},"line":3},"1":{"name":"(anonymous_1)","decl":{"start":{"line":13,"column":21},"end":{"line":13,"column":22}},"loc":{"start":{"line":13,"column":41},"end":{"line":23,"column":1}},"line":13},"2":{"name":"(anonymous_2)","decl":{"start":{"line":25,"column":20},"end":{"line":25,"column":21}},"loc":{"start":{"line":25,"column":40},"end":{"line":40,"column":1}},"line":25},"3":{"name":"(anonymous_3)","decl":{"start":{"line":42,"column":20},"end":{"line":42,"column":21}},"loc":{"start":{"line":42,"column":40},"end":{"line":60,"column":1}},"line":42},"4":{"name":"(anonymous_4)","decl":{"start":{"line":62,"column":20},"end":{"line":62,"column":21}},"loc":{"start":{"line":62,"column":40},"end":{"line":73,"column":1}},"line":62}},"branchMap":{"0":{"loc":{"start":{"line":17,"column":8},"end":{"line":17,"column":114}},"type":"if","locations":[{"start":{"line":17,"column":8},"end":{"line":17,"column":114}},{"start":{},"end":{}}],"line":17},"1":{"loc":{"start":{"line":28,"column":8},"end":{"line":30,"column":9}},"type":"if","locations":[{"start":{"line":28,"column":8},"end":{"line":30,"column":9}},{"start":{},"end":{}}],"line":28},"2":{"loc":{"start":{"line":28,"column":12},"end":{"line":28,"column":86}},"type":"binary-expr","locations":[{"start":{"line":28,"column":12},"end":{"line":28,"column":22}},{"start":{"line":28,"column":26},"end":{"line":28,"column":35}},{"start":{"line":28,"column":39},"end":{"line":28,"column":48}},{"start":{"line":28,"column":52},"end":{"line":28,"column":67}},{"start":{"line":28,"column":71},"end":{"line":28,"column":86}}],"line":28},"3":{"loc":{"start":{"line":46,"column":8},"end":{"line":46,"column":119}},"type":"if","locations":[{"start":{"line":46,"column":8},"end":{"line":46,"column":119}},{"start":{},"end":{}}],"line":46},"4":{"loc":{"start":{"line":52,"column":13},"end":{"line":52,"column":43}},"type":"binary-expr","locations":[{"start":{"line":52,"column":13},"end":{"line":52,"column":22}},{"start":{"line":52,"column":26},"end":{"line":52,"column":43}}],"line":52},"5":{"loc":{"start":{"line":52,"column":45},"end":{"line":52,"column":73}},"type":"binary-expr","locations":[{"start":{"line":52,"column":45},"end":{"line":52,"column":53}},{"start":{"line":52,"column":57},"end":{"line":52,"column":73}}],"line":52},"6":{"loc":{"start":{"line":52,"column":75},"end":{"line":52,"column":103}},"type":"binary-expr","locations":[{"start":{"line":52,"column":75},"end":{"line":52,"column":83}},{"start":{"line":52,"column":87},"end":{"line":52,"column":103}}],"line":52},"7":{"loc":{"start":{"line":53,"column":13},"end":{"line":53,"column":53}},"type":"binary-expr","locations":[{"start":{"line":53,"column":13},"end":{"line":53,"column":27}},{"start":{"line":53,"column":31},"end":{"line":53,"column":53}}],"line":53},"8":{"loc":{"start":{"line":53,"column":55},"end":{"line":53,"column":95}},"type":"binary-expr","locations":[{"start":{"line":53,"column":55},"end":{"line":53,"column":69}},{"start":{"line":53,"column":73},"end":{"line":53,"column":95}}],"line":53},"9":{"loc":{"start":{"line":53,"column":97},"end":{"line":53,"column":117}},"type":"binary-expr","locations":[{"start":{"line":53,"column":97},"end":{"line":53,"column":101}},{"start":{"line":53,"column":105},"end":{"line":53,"column":117}}],"line":53},"10":{"loc":{"start":{"line":66,"column":8},"end":{"line":66,"column":119}},"type":"if","locations":[{"start":{"line":66,"column":8},"end":{"line":66,"column":119}},{"start":{},"end":{}}],"line":66}},"s":{"0":0,"1":0,"2":0,"3":0,"4":0,"5":0,"6":0,"7":0,"8":0,"9":0,"10":0,"11":0,"12":0,"13":0,"14":0,"15":0,"16":0,"17":0,"18":0,"19":0,"20":0,"21":0,"22":0,"23":0,"24":0,"25":0,"26":0,"27":0,"28":0,"29":0,"30":0,"31":0,"32":0,"33":0,"34":0,"35":0,"36":0,"37":0,"38":0,"39":0,"40":0,"41":0,"42":0,"43":0,"44":0,"45":0,"46":0,"47":0},"f":{"0":0,"1":0,"2":0,"3":0,"4":0},"b":{"0":[0,0],"1":[0,0],"2":[0,0,0,0,0],"3":[0,0],"4":[0,0],"5":[0,0],"6":[0,0],"7":[0,0],"8":[0,0],"9":[0,0],"10":[0,0]}}
,"/home/tims/Dev/cenadi-backend-website-final/src/controllers/factController.js": {"path":"/home/tims/Dev/cenadi-backend-website-final/src/controllers/factController.js","statementMap":{"0":{"start":{"line":1,"column":13},"end":{"line":1,"column":36}},"1":{"start":{"line":3,"column":20},"end":{"line":11,"column":1}},"2":{"start":{"line":4,"column":4},"end":{"line":10,"column":5}},"3":{"start":{"line":5,"column":23},"end":{"line":5,"column":86}},"4":{"start":{"line":6,"column":8},"end":{"line":6,"column":102}},"5":{"start":{"line":8,"column":8},"end":{"line":8,"column":53}},"6":{"start":{"line":9,"column":8},"end":{"line":9,"column":107}},"7":{"start":{"line":13,"column":20},"end":{"line":23,"column":1}},"8":{"start":{"line":14,"column":4},"end":{"line":22,"column":5}},"9":{"start":{"line":15,"column":27},"end":{"line":15,"column":37}},"10":{"start":{"line":16,"column":23},"end":{"line":16,"column":91}},"11":{"start":{"line":17,"column":8},"end":{"line":17,"column":113}},"12":{"start":{"line":17,"column":38},"end":{"line":17,"column":113}},"13":{"start":{"line":18,"column":8},"end":{"line":18,"column":77}},"14":{"start":{"line":20,"column":8},"end":{"line":20,"column":54}},"15":{"start":{"line":21,"column":8},"end":{"line":21,"column":86}},"16":{"start":{"line":25,"column":19},"end":{"line":40,"column":1}},"17":{"start":{"line":26,"column":4},"end":{"line":39,"column":5}},"18":{"start":{"line":27,"column":43},"end":{"line":27,"column":51}},"19":{"start":{"line":28,"column":8},"end":{"line":30,"column":9}},"20":{"start":{"line":29,"column":12},"end":{"line":29,"column":107}},"21":{"start":{"line":31,"column":23},"end":{"line":34,"column":9}},"22":{"start":{"line":35,"column":8},"end":{"line":35,"column":102}},"23":{"start":{"line":37,"column":8},"end":{"line":37,"column":51}},"24":{"start":{"line":38,"column":8},"end":{"line":38,"column":86}},"25":{"start":{"line":42,"column":19},"end":{"line":59,"column":1}},"26":{"start":{"line":43,"column":4},"end":{"line":58,"column":5}},"27":{"start":{"line":44,"column":27},"end":{"line":44,"column":37}},"28":{"start":{"line":45,"column":43},"end":{"line":45,"column":51}},"29":{"start":{"line":46,"column":28},"end":{"line":46,"column":96}},"30":{"start":{"line":47,"column":8},"end":{"line":47,"column":118}},"31":{"start":{"line":47,"column":43},"end":{"line":47,"column":118}},"32":{"start":{"line":49,"column":24},"end":{"line":49,"column":43}},"33":{"start":{"line":50,"column":23},"end":{"line":53,"column":9}},"34":{"start":{"line":54,"column":8},"end":{"line":54,"column":102}},"35":{"start":{"line":56,"column":8},"end":{"line":56,"column":51}},"36":{"start":{"line":57,"column":8},"end":{"line":57,"column":86}},"37":{"start":{"line":61,"column":19},"end":{"line":72,"column":1}},"38":{"start":{"line":62,"column":4},"end":{"line":71,"column":5}},"39":{"start":{"line":63,"column":27},"end":{"line":63,"column":37}},"40":{"start":{"line":64,"column":28},"end":{"line":64,"column":96}},"41":{"start":{"line":65,"column":8},"end":{"line":65,"column":118}},"42":{"start":{"line":65,"column":43},"end":{"line":65,"column":118}},"43":{"start":{"line":66,"column":8},"end":{"line":66,"column":75}},"44":{"start":{"line":67,"column":8},"end":{"line":67,"column":80}},"45":{"start":{"line":69,"column":8},"end":{"line":69,"column":51}},"46":{"start":{"line":70,"column":8},"end":{"line":70,"column":86}},"47":{"start":{"line":74,"column":0},"end":{"line":74,"column":82}}},"fnMap":{"0":{"name":"(anonymous_0)","decl":{"start":{"line":3,"column":20},"end":{"line":3,"column":21}},"loc":{"start":{"line":3,"column":40},"end":{"line":11,"column":1}},"line":3},"1":{"name":"(anonymous_1)","decl":{"start":{"line":13,"column":20},"end":{"line":13,"column":21}},"loc":{"start":{"line":13,"column":40},"end":{"line":23,"column":1}},"line":13},"2":{"name":"(anonymous_2)","decl":{"start":{"line":25,"column":19},"end":{"line":25,"column":20}},"loc":{"start":{"line":25,"column":39},"end":{"line":40,"column":1}},"line":25},"3":{"name":"(anonymous_3)","decl":{"start":{"line":42,"column":19},"end":{"line":42,"column":20}},"loc":{"start":{"line":42,"column":39},"end":{"line":59,"column":1}},"line":42},"4":{"name":"(anonymous_4)","decl":{"start":{"line":61,"column":19},"end":{"line":61,"column":20}},"loc":{"start":{"line":61,"column":39},"end":{"line":72,"column":1}},"line":61}},"branchMap":{"0":{"loc":{"start":{"line":17,"column":8},"end":{"line":17,"column":113}},"type":"if","locations":[{"start":{"line":17,"column":8},"end":{"line":17,"column":113}},{"start":{},"end":{}}],"line":17},"1":{"loc":{"start":{"line":28,"column":8},"end":{"line":30,"column":9}},"type":"if","locations":[{"start":{"line":28,"column":8},"end":{"line":30,"column":9}},{"start":{},"end":{}}],"line":28},"2":{"loc":{"start":{"line":28,"column":12},"end":{"line":28,"column":38}},"type":"binary-expr","locations":[{"start":{"line":28,"column":12},"end":{"line":28,"column":23}},{"start":{"line":28,"column":27},"end":{"line":28,"column":38}}],"line":28},"3":{"loc":{"start":{"line":47,"column":8},"end":{"line":47,"column":118}},"type":"if","locations":[{"start":{"line":47,"column":8},"end":{"line":47,"column":118}},{"start":{},"end":{}}],"line":47},"4":{"loc":{"start":{"line":52,"column":13},"end":{"line":52,"column":45}},"type":"binary-expr","locations":[{"start":{"line":52,"column":13},"end":{"line":52,"column":23}},{"start":{"line":52,"column":27},"end":{"line":52,"column":45}}],"line":52},"5":{"loc":{"start":{"line":52,"column":47},"end":{"line":52,"column":79}},"type":"binary-expr","locations":[{"start":{"line":52,"column":47},"end":{"line":52,"column":57}},{"start":{"line":52,"column":61},"end":{"line":52,"column":79}}],"line":52},"6":{"loc":{"start":{"line":65,"column":8},"end":{"line":65,"column":118}},"type":"if","locations":[{"start":{"line":65,"column":8},"end":{"line":65,"column":118}},{"start":{},"end":{}}],"line":65}},"s":{"0":0,"1":0,"2":0,"3":0,"4":0,"5":0,"6":0,"7":0,"8":0,"9":0,"10":0,"11":0,"12":0,"13":0,"14":0,"15":0,"16":0,"17":0,"18":0,"19":0,"20":0,"21":0,"22":0,"23":0,"24":0,"25":0,"26":0,"27":0,"28":0,"29":0,"30":0,"31":0,"32":0,"33":0,"34":0,"35":0,"36":0,"37":0,"38":0,"39":0,"40":0,"41":0,"42":0,"43":0,"44":0,"45":0,"46":0,"47":0},"f":{"0":0,"1":0,"2":0,"3":0,"4":0},"b":{"0":[0,0],"1":[0,0],"2":[0,0],"3":[0,0],"4":[0,0],"5":[0,0],"6":[0,0]}}
,"/home/tims/Dev/cenadi-backend-website-final/src/controllers/ministerWordController.js": {"path":"/home/tims/Dev/cenadi-backend-website-final/src/controllers/ministerWordController.js","statementMap":{"0":{"start":{"line":1,"column":13},"end":{"line":1,"column":36}},"1":{"start":{"line":3,"column":27},"end":{"line":14,"column":1}},"2":{"start":{"line":4,"column":4},"end":{"line":13,"column":5}},"3":{"start":{"line":5,"column":23},"end":{"line":5,"column":90}},"4":{"start":{"line":6,"column":8},"end":{"line":8,"column":9}},"5":{"start":{"line":7,"column":12},"end":{"line":7,"column":99}},"6":{"start":{"line":9,"column":8},"end":{"line":9,"column":80}},"7":{"start":{"line":11,"column":8},"end":{"line":11,"column":60}},"8":{"start":{"line":12,"column":8},"end":{"line":12,"column":86}},"9":{"start":{"line":16,"column":38},"end":{"line":51,"column":1}},"10":{"start":{"line":17,"column":4},"end":{"line":50,"column":5}},"11":{"start":{"line":20,"column":12},"end":{"line":20,"column":20}},"12":{"start":{"line":22,"column":8},"end":{"line":24,"column":9}},"13":{"start":{"line":23,"column":12},"end":{"line":23,"column":96}},"14":{"start":{"line":27,"column":28},"end":{"line":27,"column":95}},"15":{"start":{"line":30,"column":8},"end":{"line":44,"column":9}},"16":{"start":{"line":32,"column":12},"end":{"line":36,"column":14}},"17":{"start":{"line":39,"column":12},"end":{"line":43,"column":14}},"18":{"start":{"line":46,"column":8},"end":{"line":46,"column":112}},"19":{"start":{"line":48,"column":8},"end":{"line":48,"column":70}},"20":{"start":{"line":49,"column":8},"end":{"line":49,"column":86}},"21":{"start":{"line":53,"column":0},"end":{"line":53,"column":71}}},"fnMap":{"0":{"name":"(anonymous_0)","decl":{"start":{"line":3,"column":27},"end":{"line":3,"column":28}},"loc":{"start":{"line":3,"column":47},"end":{"line":14,"column":1}},"line":3},"1":{"name":"(anonymous_1)","decl":{"start":{"line":16,"column":38},"end":{"line":16,"column":39}},"loc":{"start":{"line":16,"column":58},"end":{"line":51,"column":1}},"line":16}},"branchMap":{"0":{"loc":{"start":{"line":6,"column":8},"end":{"line":8,"column":9}},"type":"if","locations":[{"start":{"line":6,"column":8},"end":{"line":8,"column":9}},{"start":{},"end":{}}],"line":6},"1":{"loc":{"start":{"line":22,"column":8},"end":{"line":24,"column":9}},"type":"if","locations":[{"start":{"line":22,"column":8},"end":{"line":24,"column":9}},{"start":{},"end":{}}],"line":22},"2":{"loc":{"start":{"line":22,"column":12},"end":{"line":22,"column":56}},"type":"binary-expr","locations":[{"start":{"line":22,"column":12},"end":{"line":22,"column":26}},{"start":{"line":22,"column":30},"end":{"line":22,"column":41}},{"start":{"line":22,"column":45},"end":{"line":22,"column":56}}],"line":22},"3":{"loc":{"start":{"line":30,"column":8},"end":{"line":44,"column":9}},"type":"if","locations":[{"start":{"line":30,"column":8},"end":{"line":44,"column":9}},{"start":{"line":37,"column":15},"end":{"line":44,"column":9}}],"line":30}},"s":{"0":0,"1":0,"2":0,"3":0,"4":0,"5":0,"6":0,"7":0,"8":0,"9":0,"10":0,"11":0,"12":0,"13":0,"14":0,"15":0,"16":0,"17":0,"18":0,"19":0,"20":0,"21":0},"f":{"0":0,"1":0},"b":{"0":[0,0],"1":[0,0],"2":[0,0,0],"3":[0,0]}}
,"/home/tims/Dev/cenadi-backend-website-final/src/controllers/newsController.js": {"path":"/home/tims/Dev/cenadi-backend-website-final/src/controllers/newsController.js","statementMap":{"0":{"start":{"line":1,"column":13},"end":{"line":1,"column":36}},"1":{"start":{"line":2,"column":16},"end":{"line":2,"column":34}},"2":{"start":{"line":5,"column":19},"end":{"line":84,"column":1}},"3":{"start":{"line":6,"column":4},"end":{"line":83,"column":5}},"4":{"start":{"line":14,"column":12},"end":{"line":14,"column":21}},"5":{"start":{"line":16,"column":23},"end":{"line":16,"column":41}},"6":{"start":{"line":17,"column":20},"end":{"line":17,"column":244}},"7":{"start":{"line":18,"column":28},"end":{"line":18,"column":30}},"8":{"start":{"line":19,"column":25},"end":{"line":19,"column":26}},"9":{"start":{"line":21,"column":8},"end":{"line":25,"column":9}},"10":{"start":{"line":22,"column":12},"end":{"line":22,"column":59}},"11":{"start":{"line":23,"column":12},"end":{"line":23,"column":42}},"12":{"start":{"line":24,"column":12},"end":{"line":24,"column":25}},"13":{"start":{"line":27,"column":8},"end":{"line":31,"column":9}},"14":{"start":{"line":28,"column":12},"end":{"line":28,"column":59}},"15":{"start":{"line":29,"column":12},"end":{"line":29,"column":53}},"16":{"start":{"line":30,"column":12},"end":{"line":30,"column":25}},"17":{"start":{"line":33,"column":8},"end":{"line":37,"column":9}},"18":{"start":{"line":34,"column":12},"end":{"line":34,"column":57}},"19":{"start":{"line":35,"column":12},"end":{"line":35,"column":40}},"20":{"start":{"line":36,"column":12},"end":{"line":36,"column":25}},"21":{"start":{"line":39,"column":8},"end":{"line":39,"column":96}},"22":{"start":{"line":40,"column":8},"end":{"line":40,"column":40}},"23":{"start":{"line":42,"column":23},"end":{"line":42,"column":59}},"24":{"start":{"line":45,"column":25},"end":{"line":45,"column":66}},"25":{"start":{"line":46,"column":28},"end":{"line":46,"column":30}},"26":{"start":{"line":47,"column":30},"end":{"line":47,"column":31}},"27":{"start":{"line":49,"column":8},"end":{"line":53,"column":9}},"28":{"start":{"line":50,"column":12},"end":{"line":50,"column":67}},"29":{"start":{"line":51,"column":12},"end":{"line":51,"column":42}},"30":{"start":{"line":52,"column":12},"end":{"line":52,"column":30}},"31":{"start":{"line":55,"column":8},"end":{"line":59,"column":9}},"32":{"start":{"line":56,"column":12},"end":{"line":56,"column":67}},"33":{"start":{"line":57,"column":12},"end":{"line":57,"column":53}},"34":{"start":{"line":58,"column":12},"end":{"line":58,"column":30}},"35":{"start":{"line":61,"column":8},"end":{"line":64,"column":9}},"36":{"start":{"line":62,"column":12},"end":{"line":62,"column":65}},"37":{"start":{"line":63,"column":12},"end":{"line":63,"column":40}},"38":{"start":{"line":66,"column":28},"end":{"line":66,"column":69}},"39":{"start":{"line":67,"column":27},"end":{"line":67,"column":62}},"40":{"start":{"line":69,"column":8},"end":{"line":76,"column":11}},"41":{"start":{"line":78,"column":8},"end":{"line":78,"column":52}},"42":{"start":{"line":79,"column":8},"end":{"line":82,"column":11}},"43":{"start":{"line":87,"column":22},"end":{"line":121,"column":1}},"44":{"start":{"line":88,"column":4},"end":{"line":120,"column":5}},"45":{"start":{"line":89,"column":25},"end":{"line":89,"column":35}},"46":{"start":{"line":90,"column":32},"end":{"line":90,"column":41}},"47":{"start":{"line":92,"column":26},"end":{"line":92,"column":63}},"48":{"start":{"line":94,"column":23},"end":{"line":101,"column":9}},"49":{"start":{"line":103,"column":8},"end":{"line":108,"column":9}},"50":{"start":{"line":104,"column":12},"end":{"line":107,"column":15}},"51":{"start":{"line":110,"column":8},"end":{"line":113,"column":11}},"52":{"start":{"line":115,"column":8},"end":{"line":115,"column":56}},"53":{"start":{"line":116,"column":8},"end":{"line":119,"column":11}},"54":{"start":{"line":124,"column":20},"end":{"line":155,"column":1}},"55":{"start":{"line":125,"column":4},"end":{"line":154,"column":5}},"56":{"start":{"line":126,"column":30},"end":{"line":126,"column":40}},"57":{"start":{"line":128,"column":23},"end":{"line":135,"column":9}},"58":{"start":{"line":137,"column":8},"end":{"line":142,"column":9}},"59":{"start":{"line":138,"column":12},"end":{"line":141,"column":15}},"60":{"start":{"line":144,"column":8},"end":{"line":147,"column":11}},"61":{"start":{"line":149,"column":8},"end":{"line":149,"column":54}},"62":{"start":{"line":150,"column":8},"end":{"line":153,"column":11}},"63":{"start":{"line":158,"column":19},"end":{"line":219,"column":1}},"64":{"start":{"line":159,"column":4},"end":{"line":218,"column":5}},"65":{"start":{"line":170,"column":12},"end":{"line":170,"column":20}},"66":{"start":{"line":173,"column":8},"end":{"line":178,"column":9}},"67":{"start":{"line":174,"column":12},"end":{"line":177,"column":15}},"68":{"start":{"line":181,"column":24},"end":{"line":181,"column":72}},"69":{"start":{"line":182,"column":24},"end":{"line":182,"column":72}},"70":{"start":{"line":185,"column":26},"end":{"line":188,"column":9}},"71":{"start":{"line":190,"column":8},"end":{"line":195,"column":9}},"72":{"start":{"line":191,"column":12},"end":{"line":194,"column":15}},"73":{"start":{"line":197,"column":26},"end":{"line":197,"column":37}},"74":{"start":{"line":199,"column":23},"end":{"line":205,"column":9}},"75":{"start":{"line":207,"column":8},"end":{"line":211,"column":11}},"76":{"start":{"line":213,"column":8},"end":{"line":213,"column":51}},"77":{"start":{"line":214,"column":8},"end":{"line":217,"column":11}},"78":{"start":{"line":222,"column":19},"end":{"line":353,"column":1}},"79":{"start":{"line":223,"column":4},"end":{"line":352,"column":5}},"80":{"start":{"line":224,"column":30},"end":{"line":224,"column":40}},"81":{"start":{"line":235,"column":12},"end":{"line":235,"column":20}},"82":{"start":{"line":238,"column":28},"end":{"line":241,"column":9}},"83":{"start":{"line":243,"column":8},"end":{"line":248,"column":9}},"84":{"start":{"line":244,"column":12},"end":{"line":247,"column":15}},"85":{"start":{"line":250,"column":24},"end":{"line":250,"column":43}},"86":{"start":{"line":253,"column":8},"end":{"line":258,"column":9}},"87":{"start":{"line":254,"column":12},"end":{"line":257,"column":15}},"88":{"start":{"line":261,"column":24},"end":{"line":261,"column":26}},"89":{"start":{"line":262,"column":23},"end":{"line":262,"column":25}},"90":{"start":{"line":263,"column":25},"end":{"line":263,"column":26}},"91":{"start":{"line":265,"column":8},"end":{"line":269,"column":9}},"92":{"start":{"line":266,"column":12},"end":{"line":266,"column":57}},"93":{"start":{"line":267,"column":12},"end":{"line":267,"column":37}},"94":{"start":{"line":268,"column":12},"end":{"line":268,"column":25}},"95":{"start":{"line":271,"column":8},"end":{"line":280,"column":9}},"96":{"start":{"line":272,"column":12},"end":{"line":272,"column":54}},"97":{"start":{"line":273,"column":12},"end":{"line":273,"column":34}},"98":{"start":{"line":274,"column":12},"end":{"line":274,"column":25}},"99":{"start":{"line":276,"column":28},"end":{"line":276,"column":76}},"100":{"start":{"line":277,"column":12},"end":{"line":277,"column":53}},"101":{"start":{"line":278,"column":12},"end":{"line":278,"column":33}},"102":{"start":{"line":279,"column":12},"end":{"line":279,"column":25}},"103":{"start":{"line":282,"column":8},"end":{"line":291,"column":9}},"104":{"start":{"line":283,"column":12},"end":{"line":283,"column":54}},"105":{"start":{"line":284,"column":12},"end":{"line":284,"column":34}},"106":{"start":{"line":285,"column":12},"end":{"line":285,"column":25}},"107":{"start":{"line":287,"column":28},"end":{"line":287,"column":76}},"108":{"start":{"line":288,"column":12},"end":{"line":288,"column":53}},"109":{"start":{"line":289,"column":12},"end":{"line":289,"column":33}},"110":{"start":{"line":290,"column":12},"end":{"line":290,"column":25}},"111":{"start":{"line":293,"column":8},"end":{"line":297,"column":9}},"112":{"start":{"line":294,"column":12},"end":{"line":294,"column":56}},"113":{"start":{"line":295,"column":12},"end":{"line":295,"column":36}},"114":{"start":{"line":296,"column":12},"end":{"line":296,"column":25}},"115":{"start":{"line":299,"column":8},"end":{"line":303,"column":9}},"116":{"start":{"line":300,"column":12},"end":{"line":300,"column":56}},"117":{"start":{"line":301,"column":12},"end":{"line":301,"column":36}},"118":{"start":{"line":302,"column":12},"end":{"line":302,"column":25}},"119":{"start":{"line":305,"column":8},"end":{"line":309,"column":9}},"120":{"start":{"line":306,"column":12},"end":{"line":306,"column":56}},"121":{"start":{"line":307,"column":12},"end":{"line":307,"column":36}},"122":{"start":{"line":308,"column":12},"end":{"line":308,"column":25}},"123":{"start":{"line":311,"column":8},"end":{"line":315,"column":9}},"124":{"start":{"line":312,"column":12},"end":{"line":312,"column":56}},"125":{"start":{"line":313,"column":12},"end":{"line":313,"column":36}},"126":{"start":{"line":314,"column":12},"end":{"line":314,"column":25}},"127":{"start":{"line":317,"column":8},"end":{"line":321,"column":9}},"128":{"start":{"line":318,"column":12},"end":{"line":318,"column":55}},"129":{"start":{"line":319,"column":12},"end":{"line":319,"column":35}},"130":{"start":{"line":320,"column":12},"end":{"line":320,"column":25}},"131":{"start":{"line":323,"column":8},"end":{"line":327,"column":9}},"132":{"start":{"line":324,"column":12},"end":{"line":324,"column":57}},"133":{"start":{"line":325,"column":12},"end":{"line":325,"column":37}},"134":{"start":{"line":326,"column":12},"end":{"line":326,"column":25}},"135":{"start":{"line":329,"column":8},"end":{"line":334,"column":9}},"136":{"start":{"line":330,"column":12},"end":{"line":333,"column":15}},"137":{"start":{"line":336,"column":8},"end":{"line":336,"column":31}},"138":{"start":{"line":337,"column":22},"end":{"line":337,"column":111}},"139":{"start":{"line":339,"column":23},"end":{"line":339,"column":54}},"140":{"start":{"line":341,"column":8},"end":{"line":345,"column":11}},"141":{"start":{"line":347,"column":8},"end":{"line":347,"column":51}},"142":{"start":{"line":348,"column":8},"end":{"line":351,"column":11}},"143":{"start":{"line":356,"column":19},"end":{"line":396,"column":1}},"144":{"start":{"line":357,"column":4},"end":{"line":395,"column":5}},"145":{"start":{"line":358,"column":30},"end":{"line":358,"column":40}},"146":{"start":{"line":361,"column":28},"end":{"line":364,"column":9}},"147":{"start":{"line":366,"column":8},"end":{"line":371,"column":9}},"148":{"start":{"line":367,"column":12},"end":{"line":370,"column":15}},"149":{"start":{"line":373,"column":24},"end":{"line":373,"column":43}},"150":{"start":{"line":376,"column":8},"end":{"line":381,"column":9}},"151":{"start":{"line":377,"column":12},"end":{"line":380,"column":15}},"152":{"start":{"line":383,"column":8},"end":{"line":383,"column":84}},"153":{"start":{"line":385,"column":8},"end":{"line":388,"column":11}},"154":{"start":{"line":390,"column":8},"end":{"line":390,"column":51}},"155":{"start":{"line":391,"column":8},"end":{"line":394,"column":11}},"156":{"start":{"line":398,"column":0},"end":{"line":405,"column":2}}},"fnMap":{"0":{"name":"(anonymous_0)","decl":{"start":{"line":5,"column":19},"end":{"line":5,"column":20}},"loc":{"start":{"line":5,"column":39},"end":{"line":84,"column":1}},"line":5},"1":{"name":"(anonymous_1)","decl":{"start":{"line":87,"column":22},"end":{"line":87,"column":23}},"loc":{"start":{"line":87,"column":42},"end":{"line":121,"column":1}},"line":87},"2":{"name":"(anonymous_2)","decl":{"start":{"line":124,"column":20},"end":{"line":124,"column":21}},"loc":{"start":{"line":124,"column":40},"end":{"line":155,"column":1}},"line":124},"3":{"name":"(anonymous_3)","decl":{"start":{"line":158,"column":19},"end":{"line":158,"column":20}},"loc":{"start":{"line":158,"column":39},"end":{"line":219,"column":1}},"line":158},"4":{"name":"(anonymous_4)","decl":{"start":{"line":222,"column":19},"end":{"line":222,"column":20}},"loc":{"start":{"line":222,"column":39},"end":{"line":353,"column":1}},"line":222},"5":{"name":"(anonymous_5)","decl":{"start":{"line":356,"column":19},"end":{"line":356,"column":20}},"loc":{"start":{"line":356,"column":39},"end":{"line":396,"column":1}},"line":356}},"branchMap":{"0":{"loc":{"start":{"line":8,"column":12},"end":{"line":8,"column":20}},"type":"default-arg","locations":[{"start":{"line":8,"column":19},"end":{"line":8,"column":20}}],"line":8},"1":{"loc":{"start":{"line":9,"column":12},"end":{"line":9,"column":22}},"type":"default-arg","locations":[{"start":{"line":9,"column":20},"end":{"line":9,"column":22}}],"line":9},"2":{"loc":{"start":{"line":13,"column":12},"end":{"line":13,"column":23}},"type":"default-arg","locations":[{"start":{"line":13,"column":19},"end":{"line":13,"column":23}}],"line":13},"3":{"loc":{"start":{"line":21,"column":8},"end":{"line":25,"column":9}},"type":"if","locations":[{"start":{"line":21,"column":8},"end":{"line":25,"column":9}},{"start":{},"end":{}}],"line":21},"4":{"loc":{"start":{"line":27,"column":8},"end":{"line":31,"column":9}},"type":"if","locations":[{"start":{"line":27,"column":8},"end":{"line":31,"column":9}},{"start":{},"end":{}}],"line":27},"5":{"loc":{"start":{"line":33,"column":8},"end":{"line":37,"column":9}},"type":"if","locations":[{"start":{"line":33,"column":8},"end":{"line":37,"column":9}},{"start":{},"end":{}}],"line":33},"6":{"loc":{"start":{"line":49,"column":8},"end":{"line":53,"column":9}},"type":"if","locations":[{"start":{"line":49,"column":8},"end":{"line":53,"column":9}},{"start":{},"end":{}}],"line":49},"7":{"loc":{"start":{"line":55,"column":8},"end":{"line":59,"column":9}},"type":"if","locations":[{"start":{"line":55,"column":8},"end":{"line":59,"column":9}},{"start":{},"end":{}}],"line":55},"8":{"loc":{"start":{"line":61,"column":8},"end":{"line":64,"column":9}},"type":"if","locations":[{"start":{"line":61,"column":8},"end":{"line":64,"column":9}},{"start":{},"end":{}}],"line":61},"9":{"loc":{"start":{"line":90,"column":16},"end":{"line":90,"column":27}},"type":"default-arg","locations":[{"start":{"line":90,"column":23},"end":{"line":90,"column":27}}],"line":90},"10":{"loc":{"start":{"line":92,"column":26},"end":{"line":92,"column":63}},"type":"cond-expr","locations":[{"start":{"line":92,"column":42},"end":{"line":92,"column":51}},{"start":{"line":92,"column":54},"end":{"line":92,"column":63}}],"line":92},"11":{"loc":{"start":{"line":103,"column":8},"end":{"line":108,"column":9}},"type":"if","locations":[{"start":{"line":103,"column":8},"end":{"line":108,"column":9}},{"start":{},"end":{}}],"line":103},"12":{"loc":{"start":{"line":137,"column":8},"end":{"line":142,"column":9}},"type":"if","locations":[{"start":{"line":137,"column":8},"end":{"line":142,"column":9}},{"start":{},"end":{}}],"line":137},"13":{"loc":{"start":{"line":169,"column":12},"end":{"line":169,"column":31}},"type":"default-arg","locations":[{"start":{"line":169,"column":26},"end":{"line":169,"column":31}}],"line":169},"14":{"loc":{"start":{"line":173,"column":8},"end":{"line":178,"column":9}},"type":"if","locations":[{"start":{"line":173,"column":8},"end":{"line":178,"column":9}},{"start":{},"end":{}}],"line":173},"15":{"loc":{"start":{"line":173,"column":12},"end":{"line":173,"column":110}},"type":"binary-expr","locations":[{"start":{"line":173,"column":12},"end":{"line":173,"column":24}},{"start":{"line":173,"column":28},"end":{"line":173,"column":37}},{"start":{"line":173,"column":41},"end":{"line":173,"column":50}},{"start":{"line":173,"column":54},"end":{"line":173,"column":65}},{"start":{"line":173,"column":69},"end":{"line":173,"column":80}},{"start":{"line":173,"column":84},"end":{"line":173,"column":95}},{"start":{"line":173,"column":99},"end":{"line":173,"column":110}}],"line":173},"16":{"loc":{"start":{"line":190,"column":8},"end":{"line":195,"column":9}},"type":"if","locations":[{"start":{"line":190,"column":8},"end":{"line":195,"column":9}},{"start":{},"end":{}}],"line":190},"17":{"loc":{"start":{"line":243,"column":8},"end":{"line":248,"column":9}},"type":"if","locations":[{"start":{"line":243,"column":8},"end":{"line":248,"column":9}},{"start":{},"end":{}}],"line":243},"18":{"loc":{"start":{"line":253,"column":8},"end":{"line":258,"column":9}},"type":"if","locations":[{"start":{"line":253,"column":8},"end":{"line":258,"column":9}},{"start":{},"end":{}}],"line":253},"19":{"loc":{"start":{"line":253,"column":12},"end":{"line":253,"column":74}},"type":"binary-expr","locations":[{"start":{"line":253,"column":12},"end":{"line":253,"column":37}},{"start":{"line":253,"column":41},"end":{"line":253,"column":74}}],"line":253},"20":{"loc":{"start":{"line":265,"column":8},"end":{"line":269,"column":9}},"type":"if","locations":[{"start":{"line":265,"column":8},"end":{"line":269,"column":9}},{"start":{},"end":{}}],"line":265},"21":{"loc":{"start":{"line":271,"column":8},"end":{"line":280,"column":9}},"type":"if","locations":[{"start":{"line":271,"column":8},"end":{"line":280,"column":9}},{"start":{},"end":{}}],"line":271},"22":{"loc":{"start":{"line":282,"column":8},"end":{"line":291,"column":9}},"type":"if","locations":[{"start":{"line":282,"column":8},"end":{"line":291,"column":9}},{"start":{},"end":{}}],"line":282},"23":{"loc":{"start":{"line":293,"column":8},"end":{"line":297,"column":9}},"type":"if","locations":[{"start":{"line":293,"column":8},"end":{"line":297,"column":9}},{"start":{},"end":{}}],"line":293},"24":{"loc":{"start":{"line":299,"column":8},"end":{"line":303,"column":9}},"type":"if","locations":[{"start":{"line":299,"column":8},"end":{"line":303,"column":9}},{"start":{},"end":{}}],"line":299},"25":{"loc":{"start":{"line":305,"column":8},"end":{"line":309,"column":9}},"type":"if","locations":[{"start":{"line":305,"column":8},"end":{"line":309,"column":9}},{"start":{},"end":{}}],"line":305},"26":{"loc":{"start":{"line":311,"column":8},"end":{"line":315,"column":9}},"type":"if","locations":[{"start":{"line":311,"column":8},"end":{"line":315,"column":9}},{"start":{},"end":{}}],"line":311},"27":{"loc":{"start":{"line":317,"column":8},"end":{"line":321,"column":9}},"type":"if","locations":[{"start":{"line":317,"column":8},"end":{"line":321,"column":9}},{"start":{},"end":{}}],"line":317},"28":{"loc":{"start":{"line":323,"column":8},"end":{"line":327,"column":9}},"type":"if","locations":[{"start":{"line":323,"column":8},"end":{"line":327,"column":9}},{"start":{},"end":{}}],"line":323},"29":{"loc":{"start":{"line":329,"column":8},"end":{"line":334,"column":9}},"type":"if","locations":[{"start":{"line":329,"column":8},"end":{"line":334,"column":9}},{"start":{},"end":{}}],"line":329},"30":{"loc":{"start":{"line":366,"column":8},"end":{"line":371,"column":9}},"type":"if","locations":[{"start":{"line":366,"column":8},"end":{"line":371,"column":9}},{"start":{},"end":{}}],"line":366},"31":{"loc":{"start":{"line":376,"column":8},"end":{"line":381,"column":9}},"type":"if","locations":[{"start":{"line":376,"column":8},"end":{"line":381,"column":9}},{"start":{},"end":{}}],"line":376},"32":{"loc":{"start":{"line":376,"column":12},"end":{"line":376,"column":74}},"type":"binary-expr","locations":[{"start":{"line":376,"column":12},"end":{"line":376,"column":37}},{"start":{"line":376,"column":41},"end":{"line":376,"column":74}}],"line":376}},"s":{"0":0,"1":0,"2":0,"3":0,"4":0,"5":0,"6":0,"7":0,"8":0,"9":0,"10":0,"11":0,"12":0,"13":0,"14":0,"15":0,"16":0,"17":0,"18":0,"19":0,"20":0,"21":0,"22":0,"23":0,"24":0,"25":0,"26":0,"27":0,"28":0,"29":0,"30":0,"31":0,"32":0,"33":0,"34":0,"35":0,"36":0,"37":0,"38":0,"39":0,"40":0,"41":0,"42":0,"43":0,"44":0,"45":0,"46":0,"47":0,"48":0,"49":0,"50":0,"51":0,"52":0,"53":0,"54":0,"55":0,"56":0,"57":0,"58":0,"59":0,"60":0,"61":0,"62":0,"63":0,"64":0,"65":0,"66":0,"67":0,"68":0,"69":0,"70":0,"71":0,"72":0,"73":0,"74":0,"75":0,"76":0,"77":0,"78":0,"79":0,"80":0,"81":0,"82":0,"83":0,"84":0,"85":0,"86":0,"87":0,"88":0,"89":0,"90":0,"91":0,"92":0,"93":0,"94":0,"95":0,"96":0,"97":0,"98":0,"99":0,"100":0,"101":0,"102":0,"103":0,"104":0,"105":0,"106":0,"107":0,"108":0,"109":0,"110":0,"111":0,"112":0,"113":0,"114":0,"115":0,"116":0,"117":0,"118":0,"119":0,"120":0,"121":0,"122":0,"123":0,"124":0,"125":0,"126":0,"127":0,"128":0,"129":0,"130":0,"131":0,"132":0,"133":0,"134":0,"135":0,"136":0,"137":0,"138":0,"139":0,"140":0,"141":0,"142":0,"143":0,"144":0,"145":0,"146":0,"147":0,"148":0,"149":0,"150":0,"151":0,"152":0,"153":0,"154":0,"155":0,"156":0},"f":{"0":0,"1":0,"2":0,"3":0,"4":0,"5":0},"b":{"0":[0],"1":[0],"2":[0],"3":[0,0],"4":[0,0],"5":[0,0],"6":[0,0],"7":[0,0],"8":[0,0],"9":[0],"10":[0,0],"11":[0,0],"12":[0,0],"13":[0],"14":[0,0],"15":[0,0,0,0,0,0,0],"16":[0,0],"17":[0,0],"18":[0,0],"19":[0,0],"20":[0,0],"21":[0,0],"22":[0,0],"23":[0,0],"24":[0,0],"25":[0,0],"26":[0,0],"27":[0,0],"28":[0,0],"29":[0,0],"30":[0,0],"31":[0,0],"32":[0,0]}}
,"/home/tims/Dev/cenadi-backend-website-final/src/controllers/partnerController.js": {"path":"/home/tims/Dev/cenadi-backend-website-final/src/controllers/partnerController.js","statementMap":{"0":{"start":{"line":1,"column":13},"end":{"line":1,"column":36}},"1":{"start":{"line":3,"column":23},"end":{"line":11,"column":1}},"2":{"start":{"line":4,"column":4},"end":{"line":10,"column":5}},"3":{"start":{"line":5,"column":23},"end":{"line":5,"column":88}},"4":{"start":{"line":6,"column":8},"end":{"line":6,"column":105}},"5":{"start":{"line":8,"column":8},"end":{"line":8,"column":56}},"6":{"start":{"line":9,"column":8},"end":{"line":9,"column":110}},"7":{"start":{"line":13,"column":23},"end":{"line":23,"column":1}},"8":{"start":{"line":14,"column":4},"end":{"line":22,"column":5}},"9":{"start":{"line":15,"column":30},"end":{"line":15,"column":40}},"10":{"start":{"line":16,"column":23},"end":{"line":16,"column":100}},"11":{"start":{"line":17,"column":8},"end":{"line":17,"column":116}},"12":{"start":{"line":17,"column":38},"end":{"line":17,"column":116}},"13":{"start":{"line":18,"column":8},"end":{"line":18,"column":80}},"14":{"start":{"line":20,"column":8},"end":{"line":20,"column":57}},"15":{"start":{"line":21,"column":8},"end":{"line":21,"column":86}},"16":{"start":{"line":25,"column":22},"end":{"line":40,"column":1}},"17":{"start":{"line":26,"column":4},"end":{"line":39,"column":5}},"18":{"start":{"line":27,"column":88},"end":{"line":27,"column":96}},"19":{"start":{"line":28,"column":8},"end":{"line":30,"column":9}},"20":{"start":{"line":29,"column":12},"end":{"line":29,"column":96}},"21":{"start":{"line":31,"column":23},"end":{"line":34,"column":9}},"22":{"start":{"line":35,"column":8},"end":{"line":35,"column":108}},"23":{"start":{"line":37,"column":8},"end":{"line":37,"column":54}},"24":{"start":{"line":38,"column":8},"end":{"line":38,"column":86}},"25":{"start":{"line":42,"column":22},"end":{"line":60,"column":1}},"26":{"start":{"line":43,"column":4},"end":{"line":59,"column":5}},"27":{"start":{"line":44,"column":30},"end":{"line":44,"column":40}},"28":{"start":{"line":45,"column":28},"end":{"line":45,"column":105}},"29":{"start":{"line":46,"column":8},"end":{"line":46,"column":121}},"30":{"start":{"line":46,"column":43},"end":{"line":46,"column":121}},"31":{"start":{"line":48,"column":88},"end":{"line":48,"column":96}},"32":{"start":{"line":49,"column":24},"end":{"line":49,"column":43}},"33":{"start":{"line":50,"column":23},"end":{"line":54,"column":9}},"34":{"start":{"line":55,"column":8},"end":{"line":55,"column":108}},"35":{"start":{"line":57,"column":8},"end":{"line":57,"column":54}},"36":{"start":{"line":58,"column":8},"end":{"line":58,"column":86}},"37":{"start":{"line":62,"column":22},"end":{"line":73,"column":1}},"38":{"start":{"line":63,"column":4},"end":{"line":72,"column":5}},"39":{"start":{"line":64,"column":30},"end":{"line":64,"column":40}},"40":{"start":{"line":65,"column":28},"end":{"line":65,"column":105}},"41":{"start":{"line":66,"column":8},"end":{"line":66,"column":121}},"42":{"start":{"line":66,"column":43},"end":{"line":66,"column":121}},"43":{"start":{"line":67,"column":8},"end":{"line":67,"column":84}},"44":{"start":{"line":68,"column":8},"end":{"line":68,"column":83}},"45":{"start":{"line":70,"column":8},"end":{"line":70,"column":54}},"46":{"start":{"line":71,"column":8},"end":{"line":71,"column":86}},"47":{"start":{"line":75,"column":0},"end":{"line":75,"column":97}}},"fnMap":{"0":{"name":"(anonymous_0)","decl":{"start":{"line":3,"column":23},"end":{"line":3,"column":24}},"loc":{"start":{"line":3,"column":43},"end":{"line":11,"column":1}},"line":3},"1":{"name":"(anonymous_1)","decl":{"start":{"line":13,"column":23},"end":{"line":13,"column":24}},"loc":{"start":{"line":13,"column":43},"end":{"line":23,"column":1}},"line":13},"2":{"name":"(anonymous_2)","decl":{"start":{"line":25,"column":22},"end":{"line":25,"column":23}},"loc":{"start":{"line":25,"column":42},"end":{"line":40,"column":1}},"line":25},"3":{"name":"(anonymous_3)","decl":{"start":{"line":42,"column":22},"end":{"line":42,"column":23}},"loc":{"start":{"line":42,"column":42},"end":{"line":60,"column":1}},"line":42},"4":{"name":"(anonymous_4)","decl":{"start":{"line":62,"column":22},"end":{"line":62,"column":23}},"loc":{"start":{"line":62,"column":42},"end":{"line":73,"column":1}},"line":62}},"branchMap":{"0":{"loc":{"start":{"line":17,"column":8},"end":{"line":17,"column":116}},"type":"if","locations":[{"start":{"line":17,"column":8},"end":{"line":17,"column":116}},{"start":{},"end":{}}],"line":17},"1":{"loc":{"start":{"line":28,"column":8},"end":{"line":30,"column":9}},"type":"if","locations":[{"start":{"line":28,"column":8},"end":{"line":30,"column":9}},{"start":{},"end":{}}],"line":28},"2":{"loc":{"start":{"line":28,"column":12},"end":{"line":28,"column":83}},"type":"binary-expr","locations":[{"start":{"line":28,"column":12},"end":{"line":28,"column":20}},{"start":{"line":28,"column":24},"end":{"line":28,"column":32}},{"start":{"line":28,"column":36},"end":{"line":28,"column":51}},{"start":{"line":28,"column":55},"end":{"line":28,"column":70}},{"start":{"line":28,"column":74},"end":{"line":28,"column":83}}],"line":28},"3":{"loc":{"start":{"line":46,"column":8},"end":{"line":46,"column":121}},"type":"if","locations":[{"start":{"line":46,"column":8},"end":{"line":46,"column":121}},{"start":{},"end":{}}],"line":46},"4":{"loc":{"start":{"line":52,"column":13},"end":{"line":52,"column":39}},"type":"binary-expr","locations":[{"start":{"line":52,"column":13},"end":{"line":52,"column":20}},{"start":{"line":52,"column":24},"end":{"line":52,"column":39}}],"line":52},"5":{"loc":{"start":{"line":52,"column":41},"end":{"line":52,"column":67}},"type":"binary-expr","locations":[{"start":{"line":52,"column":41},"end":{"line":52,"column":48}},{"start":{"line":52,"column":52},"end":{"line":52,"column":67}}],"line":52},"6":{"loc":{"start":{"line":52,"column":69},"end":{"line":52,"column":109}},"type":"binary-expr","locations":[{"start":{"line":52,"column":69},"end":{"line":52,"column":83}},{"start":{"line":52,"column":87},"end":{"line":52,"column":109}}],"line":52},"7":{"loc":{"start":{"line":53,"column":13},"end":{"line":53,"column":53}},"type":"binary-expr","locations":[{"start":{"line":53,"column":13},"end":{"line":53,"column":27}},{"start":{"line":53,"column":31},"end":{"line":53,"column":53}}],"line":53},"8":{"loc":{"start":{"line":53,"column":55},"end":{"line":53,"column":83}},"type":"binary-expr","locations":[{"start":{"line":53,"column":55},"end":{"line":53,"column":63}},{"start":{"line":53,"column":67},"end":{"line":53,"column":83}}],"line":53},"9":{"loc":{"start":{"line":53,"column":85},"end":{"line":53,"column":111}},"type":"binary-expr","locations":[{"start":{"line":53,"column":85},"end":{"line":53,"column":92}},{"start":{"line":53,"column":96},"end":{"line":53,"column":111}}],"line":53},"10":{"loc":{"start":{"line":66,"column":8},"end":{"line":66,"column":121}},"type":"if","locations":[{"start":{"line":66,"column":8},"end":{"line":66,"column":121}},{"start":{},"end":{}}],"line":66}},"s":{"0":0,"1":0,"2":0,"3":0,"4":0,"5":0,"6":0,"7":0,"8":0,"9":0,"10":0,"11":0,"12":0,"13":0,"14":0,"15":0,"16":0,"17":0,"18":0,"19":0,"20":0,"21":0,"22":0,"23":0,"24":0,"25":0,"26":0,"27":0,"28":0,"29":0,"30":0,"31":0,"32":0,"33":0,"34":0,"35":0,"36":0,"37":0,"38":0,"39":0,"40":0,"41":0,"42":0,"43":0,"44":0,"45":0,"46":0,"47":0},"f":{"0":0,"1":0,"2":0,"3":0,"4":0},"b":{"0":[0,0],"1":[0,0],"2":[0,0,0,0,0],"3":[0,0],"4":[0,0],"5":[0,0],"6":[0,0],"7":[0,0],"8":[0,0],"9":[0,0],"10":[0,0]}}
,"/home/tims/Dev/cenadi-backend-website-final/src/controllers/projectController.js": {"path":"/home/tims/Dev/cenadi-backend-website-final/src/controllers/projectController.js","statementMap":{"0":{"start":{"line":1,"column":13},"end":{"line":1,"column":36}},"1":{"start":{"line":4,"column":23},"end":{"line":33,"column":1}},"2":{"start":{"line":5,"column":4},"end":{"line":32,"column":5}},"3":{"start":{"line":6,"column":41},"end":{"line":6,"column":50}},"4":{"start":{"line":7,"column":23},"end":{"line":7,"column":41}},"5":{"start":{"line":9,"column":23},"end":{"line":12,"column":9}},"6":{"start":{"line":15,"column":28},"end":{"line":15,"column":77}},"7":{"start":{"line":16,"column":27},"end":{"line":16,"column":62}},"8":{"start":{"line":18,"column":8},"end":{"line":25,"column":11}},"9":{"start":{"line":27,"column":8},"end":{"line":27,"column":56}},"10":{"start":{"line":28,"column":8},"end":{"line":31,"column":11}},"11":{"start":{"line":36,"column":23},"end":{"line":63,"column":1}},"12":{"start":{"line":37,"column":4},"end":{"line":62,"column":5}},"13":{"start":{"line":38,"column":30},"end":{"line":38,"column":40}},"14":{"start":{"line":40,"column":23},"end":{"line":43,"column":9}},"15":{"start":{"line":45,"column":8},"end":{"line":50,"column":9}},"16":{"start":{"line":46,"column":12},"end":{"line":49,"column":15}},"17":{"start":{"line":52,"column":8},"end":{"line":55,"column":11}},"18":{"start":{"line":57,"column":8},"end":{"line":57,"column":57}},"19":{"start":{"line":58,"column":8},"end":{"line":61,"column":11}},"20":{"start":{"line":66,"column":22},"end":{"line":102,"column":1}},"21":{"start":{"line":67,"column":4},"end":{"line":101,"column":5}},"22":{"start":{"line":74,"column":12},"end":{"line":74,"column":20}},"23":{"start":{"line":77,"column":8},"end":{"line":82,"column":9}},"24":{"start":{"line":78,"column":12},"end":{"line":81,"column":15}},"25":{"start":{"line":84,"column":23},"end":{"line":88,"column":9}},"26":{"start":{"line":90,"column":8},"end":{"line":94,"column":11}},"27":{"start":{"line":96,"column":8},"end":{"line":96,"column":54}},"28":{"start":{"line":97,"column":8},"end":{"line":100,"column":11}},"29":{"start":{"line":105,"column":22},"end":{"line":188,"column":1}},"30":{"start":{"line":106,"column":4},"end":{"line":187,"column":5}},"31":{"start":{"line":107,"column":30},"end":{"line":107,"column":40}},"32":{"start":{"line":114,"column":12},"end":{"line":114,"column":20}},"33":{"start":{"line":117,"column":28},"end":{"line":120,"column":9}},"34":{"start":{"line":122,"column":8},"end":{"line":127,"column":9}},"35":{"start":{"line":123,"column":12},"end":{"line":126,"column":15}},"36":{"start":{"line":130,"column":24},"end":{"line":130,"column":26}},"37":{"start":{"line":131,"column":23},"end":{"line":131,"column":25}},"38":{"start":{"line":132,"column":25},"end":{"line":132,"column":26}},"39":{"start":{"line":134,"column":8},"end":{"line":138,"column":9}},"40":{"start":{"line":135,"column":12},"end":{"line":135,"column":54}},"41":{"start":{"line":136,"column":12},"end":{"line":136,"column":34}},"42":{"start":{"line":137,"column":12},"end":{"line":137,"column":25}},"43":{"start":{"line":140,"column":8},"end":{"line":144,"column":9}},"44":{"start":{"line":141,"column":12},"end":{"line":141,"column":54}},"45":{"start":{"line":142,"column":12},"end":{"line":142,"column":34}},"46":{"start":{"line":143,"column":12},"end":{"line":143,"column":25}},"47":{"start":{"line":146,"column":8},"end":{"line":150,"column":9}},"48":{"start":{"line":147,"column":12},"end":{"line":147,"column":60}},"49":{"start":{"line":148,"column":12},"end":{"line":148,"column":40}},"50":{"start":{"line":149,"column":12},"end":{"line":149,"column":25}},"51":{"start":{"line":152,"column":8},"end":{"line":156,"column":9}},"52":{"start":{"line":153,"column":12},"end":{"line":153,"column":60}},"53":{"start":{"line":154,"column":12},"end":{"line":154,"column":40}},"54":{"start":{"line":155,"column":12},"end":{"line":155,"column":25}},"55":{"start":{"line":158,"column":8},"end":{"line":162,"column":9}},"56":{"start":{"line":159,"column":12},"end":{"line":159,"column":50}},"57":{"start":{"line":160,"column":12},"end":{"line":160,"column":30}},"58":{"start":{"line":161,"column":12},"end":{"line":161,"column":25}},"59":{"start":{"line":164,"column":8},"end":{"line":169,"column":9}},"60":{"start":{"line":165,"column":12},"end":{"line":168,"column":15}},"61":{"start":{"line":171,"column":8},"end":{"line":171,"column":31}},"62":{"start":{"line":172,"column":22},"end":{"line":172,"column":111}},"63":{"start":{"line":174,"column":23},"end":{"line":174,"column":54}},"64":{"start":{"line":176,"column":8},"end":{"line":180,"column":11}},"65":{"start":{"line":182,"column":8},"end":{"line":182,"column":54}},"66":{"start":{"line":183,"column":8},"end":{"line":186,"column":11}},"67":{"start":{"line":191,"column":22},"end":{"line":221,"column":1}},"68":{"start":{"line":192,"column":4},"end":{"line":220,"column":5}},"69":{"start":{"line":193,"column":30},"end":{"line":193,"column":40}},"70":{"start":{"line":196,"column":28},"end":{"line":199,"column":9}},"71":{"start":{"line":201,"column":8},"end":{"line":206,"column":9}},"72":{"start":{"line":202,"column":12},"end":{"line":205,"column":15}},"73":{"start":{"line":208,"column":8},"end":{"line":208,"column":84}},"74":{"start":{"line":210,"column":8},"end":{"line":213,"column":11}},"75":{"start":{"line":215,"column":8},"end":{"line":215,"column":54}},"76":{"start":{"line":216,"column":8},"end":{"line":219,"column":11}},"77":{"start":{"line":223,"column":0},"end":{"line":229,"column":2}}},"fnMap":{"0":{"name":"(anonymous_0)","decl":{"start":{"line":4,"column":23},"end":{"line":4,"column":24}},"loc":{"start":{"line":4,"column":43},"end":{"line":33,"column":1}},"line":4},"1":{"name":"(anonymous_1)","decl":{"start":{"line":36,"column":23},"end":{"line":36,"column":24}},"loc":{"start":{"line":36,"column":43},"end":{"line":63,"column":1}},"line":36},"2":{"name":"(anonymous_2)","decl":{"start":{"line":66,"column":22},"end":{"line":66,"column":23}},"loc":{"start":{"line":66,"column":42},"end":{"line":102,"column":1}},"line":66},"3":{"name":"(anonymous_3)","decl":{"start":{"line":105,"column":22},"end":{"line":105,"column":23}},"loc":{"start":{"line":105,"column":42},"end":{"line":188,"column":1}},"line":105},"4":{"name":"(anonymous_4)","decl":{"start":{"line":191,"column":22},"end":{"line":191,"column":23}},"loc":{"start":{"line":191,"column":42},"end":{"line":221,"column":1}},"line":191}},"branchMap":{"0":{"loc":{"start":{"line":6,"column":16},"end":{"line":6,"column":24}},"type":"default-arg","locations":[{"start":{"line":6,"column":23},"end":{"line":6,"column":24}}],"line":6},"1":{"loc":{"start":{"line":6,"column":26},"end":{"line":6,"column":36}},"type":"default-arg","locations":[{"start":{"line":6,"column":34},"end":{"line":6,"column":36}}],"line":6},"2":{"loc":{"start":{"line":45,"column":8},"end":{"line":50,"column":9}},"type":"if","locations":[{"start":{"line":45,"column":8},"end":{"line":50,"column":9}},{"start":{},"end":{}}],"line":45},"3":{"loc":{"start":{"line":73,"column":12},"end":{"line":73,"column":50}},"type":"default-arg","locations":[{"start":{"line":73,"column":19},"end":{"line":73,"column":50}}],"line":73},"4":{"loc":{"start":{"line":77,"column":8},"end":{"line":82,"column":9}},"type":"if","locations":[{"start":{"line":77,"column":8},"end":{"line":82,"column":9}},{"start":{},"end":{}}],"line":77},"5":{"loc":{"start":{"line":77,"column":12},"end":{"line":77,"column":72}},"type":"binary-expr","locations":[{"start":{"line":77,"column":12},"end":{"line":77,"column":21}},{"start":{"line":77,"column":25},"end":{"line":77,"column":34}},{"start":{"line":77,"column":38},"end":{"line":77,"column":53}},{"start":{"line":77,"column":57},"end":{"line":77,"column":72}}],"line":77},"6":{"loc":{"start":{"line":122,"column":8},"end":{"line":127,"column":9}},"type":"if","locations":[{"start":{"line":122,"column":8},"end":{"line":127,"column":9}},{"start":{},"end":{}}],"line":122},"7":{"loc":{"start":{"line":134,"column":8},"end":{"line":138,"column":9}},"type":"if","locations":[{"start":{"line":134,"column":8},"end":{"line":138,"column":9}},{"start":{},"end":{}}],"line":134},"8":{"loc":{"start":{"line":140,"column":8},"end":{"line":144,"column":9}},"type":"if","locations":[{"start":{"line":140,"column":8},"end":{"line":144,"column":9}},{"start":{},"end":{}}],"line":140},"9":{"loc":{"start":{"line":146,"column":8},"end":{"line":150,"column":9}},"type":"if","locations":[{"start":{"line":146,"column":8},"end":{"line":150,"column":9}},{"start":{},"end":{}}],"line":146},"10":{"loc":{"start":{"line":152,"column":8},"end":{"line":156,"column":9}},"type":"if","locations":[{"start":{"line":152,"column":8},"end":{"line":156,"column":9}},{"start":{},"end":{}}],"line":152},"11":{"loc":{"start":{"line":158,"column":8},"end":{"line":162,"column":9}},"type":"if","locations":[{"start":{"line":158,"column":8},"end":{"line":162,"column":9}},{"start":{},"end":{}}],"line":158},"12":{"loc":{"start":{"line":164,"column":8},"end":{"line":169,"column":9}},"type":"if","locations":[{"start":{"line":164,"column":8},"end":{"line":169,"column":9}
[...]
mn":35},"end":{"line":190,"column":51}}],"line":190},"21":{"loc":{"start":{"line":191,"column":29},"end":{"line":191,"column":57}},"type":"binary-expr","locations":[{"start":{"line":191,"column":29},"end":{"line":191,"column":35}},{"start":{"line":191,"column":39},"end":{"line":191,"column":57}}],"line":191},"22":{"loc":{"start":{"line":215,"column":8},"end":{"line":217,"column":9}},"type":"if","locations":[{"start":{"line":215,"column":8},"end":{"line":217,"column":9}},{"start":{},"end":{}}],"line":215},"23":{"loc":{"start":{"line":220,"column":8},"end":{"line":222,"column":9}},"type":"if","locations":[{"start":{"line":220,"column":8},"end":{"line":222,"column":9}},{"start":{},"end":{}}],"line":220},"24":{"loc":{"start":{"line":226,"column":8},"end":{"line":228,"column":9}},"type":"if","locations":[{"start":{"line":226,"column":8},"end":{"line":228,"column":9}},{"start":{},"end":{}}],"line":226}},"s":{"0":1,"1":1,"2":1,"3":1,"4":0,"5":0,"6":0,"7":0,"8":0,"9":0,"10":0,"11":0,"12":0,"13":0,"14":0,"15":0,"16":0,"17":0,"18":0,"19":0,"20":0,"21":1,"22":0,"23":0,"24":0,"25":0,"26":0,"27":0,"28":0,"29":0,"30":0,"31":0,"32":0,"33":0,"34":0,"35":0,"36":0,"37":0,"38":0,"39":1,"40":0,"41":0,"42":0,"43":0,"44":0,"45":0,"46":0,"47":1,"48":0,"49":0,"50":0,"51":0,"52":0,"53":0,"54":0,"55":0,"56":1,"57":0,"58":0,"59":0,"60":0,"61":0,"62":0,"63":0,"64":0,"65":0,"66":0,"67":0,"68":0,"69":0,"70":0,"71":0,"72":0,"73":0,"74":0,"75":0,"76":0,"77":0,"78":0,"79":0,"80":1,"81":0,"82":0,"83":0,"84":0,"85":0,"86":0,"87":0,"88":0,"89":0,"90":0,"91":0,"92":0,"93":0,"94":1},"f":{"0":0,"1":0,"2":0,"3":0,"4":0,"5":0},"b":{"0":[0,0],"1":[0,0,0,0,0],"2":[0,0],"3":[0,0],"4":[0,0],"5":[0,0],"6":[0,0],"7":[0,0],"8":[0,0],"9":[0,0],"10":[0,0],"11":[0,0],"12":[0,0],"13":[0,0],"14":[0,0],"15":[0,0],"16":[0,0],"17":[0,0],"18":[0,0],"19":[0,0],"20":[0,0],"21":[0,0],"22":[0,0],"23":[0,0],"24":[0,0]},"_coverageSchema":"1a1c01bbd47fc00a2c39e90264f33305004495a9","hash":"c61a6aa5161ac085d91a59bdbbf8cc489b3d68ea"}
,"/home/tims/Dev/cenadi-backend-website-final/src/middleware/auth.js": {"path":"/home/tims/Dev/cenadi-backend-website-final/src/middleware/auth.js","statementMap":{"0":{"start":{"line":1,"column":12},"end":{"line":1,"column":35}},"1":{"start":{"line":4,"column":20},"end":{"line":23,"column":1}},"2":{"start":{"line":5,"column":4},"end":{"line":22,"column":5}},"3":{"start":{"line":6,"column":22},"end":{"line":6,"column":62}},"4":{"start":{"line":8,"column":8},"end":{"line":10,"column":9}},"5":{"start":{"line":9,"column":12},"end":{"line":9,"column":97}},"6":{"start":{"line":12,"column":24},"end":{"line":15,"column":9}},"7":{"start":{"line":17,"column":8},"end":{"line":17,"column":27}},"8":{"start":{"line":18,"column":8},"end":{"line":18,"column":22}},"9":{"start":{"line":20,"column":8},"end":{"line":20,"column":58}},"10":{"start":{"line":21,"column":8},"end":{"line":21,"column":77}},"11":{"start":{"line":26,"column":18},"end":{"line":31,"column":1}},"12":{"start":{"line":27,"column":4},"end":{"line":29,"column":5}},"13":{"start":{"line":28,"column":8},"end":{"line":28,"column":79}},"14":{"start":{"line":30,"column":4},"end":{"line":30,"column":18}},"15":{"start":{"line":34,"column":19},"end":{"line":39,"column":1}},"16":{"start":{"line":35,"column":4},"end":{"line":37,"column":5}},"17":{"start":{"line":36,"column":8},"end":{"line":36,"column":81}},"18":{"start":{"line":38,"column":4},"end":{"line":38,"column":18}},"19":{"start":{"line":41,"column":0},"end":{"line":45,"column":2}}},"fnMap":{"0":{"name":"(anonymous_0)","decl":{"start":{"line":4,"column":20},"end":{"line":4,"column":21}},"loc":{"start":{"line":4,"column":40},"end":{"line":23,"column":1}},"line":4},"1":{"name":"(anonymous_1)","decl":{"start":{"line":26,"column":18},"end":{"line":26,"column":19}},"loc":{"start":{"line":26,"column":38},"end":{"line":31,"column":1}},"line":26},"2":{"name":"(anonymous_2)","decl":{"start":{"line":34,"column":19},"end":{"line":34,"column":20}},"loc":{"start":{"line":34,"column":39},"end":{"line":39,"column":1}},"line":34}},"branchMap":{"0":{"loc":{"start":{"line":8,"column":8},"end":{"line":10,"column":9}},"type":"if","locations":[{"start":{"line":8,"column":8},"end":{"line":10,"column":9}},{"start":{},"end":{}}],"line":8},"1":{"loc":{"start":{"line":27,"column":4},"end":{"line":29,"column":5}},"type":"if","locations":[{"start":{"line":27,"column":4},"end":{"line":29,"column":5}},{"start":{},"end":{}}],"line":27},"2":{"loc":{"start":{"line":35,"column":4},"end":{"line":37,"column":5}},"type":"if","locations":[{"start":{"line":35,"column":4},"end":{"line":37,"column":5}},{"start":{},"end":{}}],"line":35}},"s":{"0":3,"1":3,"2":11,"3":11,"4":11,"5":5,"6":6,"7":2,"8":2,"9":4,"10":4,"11":3,"12":2,"13":1,"14":1,"15":3,"16":2,"17":1,"18":1,"19":3},"f":{"0":11,"1":2,"2":2},"b":{"0":[5,6],"1":[1,1],"2":[1,1]},"_coverageSchema":"1a1c01bbd47fc00a2c39e90264f33305004495a9","hash":"81beee75a84f25f05899c4c4c1813b46155c5547"}
,"/home/tims/Dev/cenadi-backend-website-final/src/middleware/errorHandler.js": {"path":"/home/tims/Dev/cenadi-backend-website-final/src/middleware/errorHandler.js","statementMap":{"0":{"start":{"line":1,"column":15},"end":{"line":1,"column":42}},"1":{"start":{"line":7,"column":21},"end":{"line":40,"column":1}},"2":{"start":{"line":8,"column":12},"end":{"line":8,"column":17}},"3":{"start":{"line":9,"column":21},"end":{"line":9,"column":42}},"4":{"start":{"line":10,"column":18},"end":{"line":10,"column":57}},"5":{"start":{"line":11,"column":18},"end":{"line":11,"column":80}},"6":{"start":{"line":14,"column":21},"end":{"line":22,"column":3}},"7":{"start":{"line":24,"column":2},"end":{"line":28,"column":3}},"8":{"start":{"line":25,"column":4},"end":{"line":25,"column":63}},"9":{"start":{"line":26,"column":9},"end":{"line":28,"column":3}},"10":{"start":{"line":27,"column":4},"end":{"line":27,"column":37}},"11":{"start":{"line":31,"column":2},"end":{"line":39,"column":5}},"12":{"start":{"line":45,"column":21},"end":{"line":54,"column":1}},"13":{"start":{"line":45,"column":29},"end":{"line":54,"column":1}},"14":{"start":{"line":46,"column":2},"end":{"line":53,"column":5}},"15":{"start":{"line":48,"column":16},"end":{"line":48,"column":24}},"16":{"start":{"line":49,"column":4},"end":{"line":51,"column":5}},"17":{"start":{"line":50,"column":6},"end":{"line":50,"column":39}},"18":{"start":{"line":52,"column":4},"end":{"line":52,"column":16}},"19":{"start":{"line":56,"column":0},"end":{"line":56,"column":48}}},"fnMap":{"0":{"name":"(anonymous_0)","decl":{"start":{"line":7,"column":21},"end":{"line":7,"column":22}},"loc":{"start":{"line":7,"column":48},"end":{"line":40,"column":1}},"line":7},"1":{"name":"(anonymous_1)","decl":{"start":{"line":45,"column":21},"end":{"line":45,"column":22}},"loc":{"start":{"line":45,"column":29},"end":{"line":54,"column":1}},"line":45},"2":{"name":"(anonymous_2)","decl":{"start":{"line":45,"column":29},"end":{"line":45,"column":30}},"loc":{"start":{"line":45,"column":49},"end":{"line":54,"column":1}},"line":45},"3":{"name":"(anonymous_3)","decl":{"start":{"line":46,"column":44},"end":{"line":46,"column":45}},"loc":{"start":{"line":46,"column":58},"end":{"line":53,"column":3}},"line":46}},"branchMap":{"0":{"loc":{"start":{"line":9,"column":21},"end":{"line":9,"column":42}},"type":"binary-expr","locations":[{"start":{"line":9,"column":21},"end":{"line":9,"column":35}},{"start":{"line":9,"column":39},"end":{"line":9,"column":42}}],"line":9},"1":{"loc":{"start":{"line":10,"column":18},"end":{"line":10,"column":57}},"type":"binary-expr","locations":[{"start":{"line":10,"column":18},"end":{"line":10,"column":29}},{"start":{"line":10,"column":33},"end":{"line":10,"column":57}}],"line":10},"2":{"loc":{"start":{"line":20,"column":12},"end":{"line":20,"column":39}},"type":"binary-expr","locations":[{"start":{"line":20,"column":12},"end":{"line":20,"column":24}},{"start":{"line":20,"column":28},"end":{"line":20,"column":39}}],"line":20},"3":{"loc":{"start":{"line":24,"column":2},"end":{"line":28,"column":3}},"type":"if","locations":[{"start":{"line":24,"column":2},"end":{"line":28,"column":3}},{"start":{"line":26,"column":9},"end":{"line":28,"column":3}}],"line":24},"4":{"loc":{"start":{"line":26,"column":9},"end":{"line":28,"column":3}},"type":"if","locations":[{"start":{"line":26,"column":9},"end":{"line":28,"column":3}},{"start":{},"end":{}}],"line":26},"5":{"loc":{"start":{"line":37,"column":10},"end":{"line":37,"column":72}},"type":"binary-expr","locations":[{"start":{"line":37,"column":10},"end":{"line":37,"column":48}},{"start":{"line":37,"column":52},"end":{"line":37,"column":72}}],"line":37},"6":{"loc":{"start":{"line":49,"column":4},"end":{"line":51,"column":5}},"type":"if","locations":[{"start":{"line":49,"column":4},"end":{"line":51,"column":5}},{"start":{},"end":{}}],"line":49}},"s":{"0":1,"1":1,"2":5,"3":5,"4":5,"5":5,"6":5,"7":5,"8":4,"9":1,"10":1,"11":5,"12":1,"13":3,"14":3,"15":2,"16":2,"17":1,"18":2,"19":1},"f":{"0":5,"1":3,"2":3,"3":2},"b":{"0":[5,1],"1":[5,0],"2":[5,0],"3":[4,1],"4":[1,0],"5":[5,1],"6":[1,1]},"_coverageSchema":"1a1c01bbd47fc00a2c39e90264f33305004495a9","hash":"76811c9452a3bff39e9ce335c01e885f02e0c318"}
,"/home/tims/Dev/cenadi-backend-website-final/src/middleware/rateLimiter.js": {"path":"/home/tims/Dev/cenadi-backend-website-final/src/middleware/rateLimiter.js","statementMap":{"0":{"start":{"line":1,"column":18},"end":{"line":1,"column":47}},"1":{"start":{"line":4,"column":19},"end":{"line":25,"column":2}},"2":{"start":{"line":15,"column":26},"end":{"line":15,"column":77}},"3":{"start":{"line":16,"column":8},"end":{"line":16,"column":42}},"4":{"start":{"line":19,"column":8},"end":{"line":23,"column":11}},"5":{"start":{"line":28,"column":20},"end":{"line":45,"column":2}},"6":{"start":{"line":39,"column":8},"end":{"line":43,"column":11}},"7":{"start":{"line":48,"column":23},"end":{"line":64,"column":2}},"8":{"start":{"line":58,"column":8},"end":{"line":62,"column":11}},"9":{"start":{"line":66,"column":0},"end":{"line":70,"column":2}}},"fnMap":{"0":{"name":"(anonymous_0)","decl":{"start":{"line":13,"column":10},"end":{"line":13,"column":11}},"loc":{"start":{"line":13,"column":19},"end":{"line":17,"column":5}},"line":13},"1":{"name":"(anonymous_1)","decl":{"start":{"line":18,"column":13},"end":{"line":18,"column":14}},"loc":{"start":{"line":18,"column":27},"end":{"line":24,"column":5}},"line":18},"2":{"name":"(anonymous_2)","decl":{"start":{"line":38,"column":13},"end":{"line":38,"column":14}},"loc":{"start":{"line":38,"column":27},"end":{"line":44,"column":5}},"line":38},"3":{"name":"(anonymous_3)","decl":{"start":{"line":57,"column":13},"end":{"line":57,"column":14}},"loc":{"start":{"line":57,"column":27},"end":{"line":63,"column":5}},"line":57}},"branchMap":{"0":{"loc":{"start":{"line":5,"column":23},"end":{"line":5,"column":61}},"type":"binary-expr","locations":[{"start":{"line":5,"column":23},"end":{"line":5,"column":54}},{"start":{"line":5,"column":58},"end":{"line":5,"column":61}}],"line":5},"1":{"loc":{"start":{"line":6,"column":18},"end":{"line":6,"column":49}},"type":"binary-expr","locations":[{"start":{"line":6,"column":18},"end":{"line":6,"column":42}},{"start":{"line":6,"column":46},"end":{"line":6,"column":49}}],"line":6},"2":{"loc":{"start":{"line":15,"column":26},"end":{"line":15,"column":77}},"type":"binary-expr","locations":[{"start":{"line":15,"column":26},"end":{"line":15,"column":71}},{"start":{"line":15,"column":75},"end":{"line":15,"column":77}}],"line":15}},"s":{"0":1,"1":1,"2":0,"3":0,"4":0,"5":1,"6":1,"7":1,"8":0,"9":1},"f":{"0":0,"1":0,"2":1,"3":0},"b":{"0":[1,0],"1":[1,0],"2":[0,0]},"_coverageSchema":"1a1c01bbd47fc00a2c39e90264f33305004495a9","hash":"2f1dafb7a05b11d8dbe5d989ce3fc7cf343c8ba9"}
,"/home/tims/Dev/cenadi-backend-website-final/src/middleware/upload.js": {"path":"/home/tims/Dev/cenadi-backend-website-final/src/middleware/upload.js","statementMap":{},"fnMap":{},"branchMap":{},"s":{},"f":{},"b":{}}
,"/home/tims/Dev/cenadi-backend-website-final/src/middleware/validation.js": {"path":"/home/tims/Dev/cenadi-backend-website-final/src/middleware/validation.js","statementMap":{"0":{"start":{"line":1,"column":12},"end":{"line":1,"column":26}},"1":{"start":{"line":4,"column":17},"end":{"line":28,"column":1}},"2":{"start":{"line":5,"column":4},"end":{"line":27,"column":6}},"3":{"start":{"line":6,"column":33},"end":{"line":9,"column":10}},"4":{"start":{"line":11,"column":8},"end":{"line":22,"column":9}},"5":{"start":{"line":12,"column":27},"end":{"line":15,"column":15}},"6":{"start":{"line":12,"column":56},"end":{"line":15,"column":13}},"7":{"start":{"line":17,"column":12},"end":{"line":21,"column":15}},"8":{"start":{"line":25,"column":8},"end":{"line":25,"column":25}},"9":{"start":{"line":26,"column":8},"end":{"line":26,"column":22}},"10":{"start":{"line":33,"column":21},"end":{"line":83,"column":2}},"11":{"start":{"line":86,"column":21},"end":{"line":100,"column":2}},"12":{"start":{"line":103,"column":22},"end":{"line":159,"column":2}},"13":{"start":{"line":162,"column":24},"end":{"line":179,"column":2}},"14":{"start":{"line":182,"column":25},"end":{"line":198,"column":2}},"15":{"start":{"line":200,"column":0},"end":{"line":207,"column":2}}},"fnMap":{"0":{"name":"(anonymous_0)","decl":{"start":{"line":4,"column":17},"end":{"line":4,"column":18}},"loc":{"start":{"line":4,"column":29},"end":{"line":28,"column":1}},"line":4},"1":{"name":"(anonymous_1)","decl":{"start":{"line":5,"column":11},"end":{"line":5,"column":12}},"loc":{"start":{"line":5,"column":31},"end":{"line":27,"column":5}},"line":5},"2":{"name":"(anonymous_2)","decl":{"start":{"line":12,"column":45},"end":{"line":12,"column":46}},"loc":{"start":{"line":12,"column":56},"end":{"line":15,"column":13}},"line":12}},"branchMap":{"0":{"loc":{"start":{"line":11,"column":8},"end":{"line":22,"column":9}},"type":"if","locations":[{"start":{"line":11,"column":8},"end":{"line":22,"column":9}},{"start":{},"end":{}}],"line":11}},"s":{"0":2,"1":2,"2":7,"3":9,"4":9,"5":8,"6":11,"7":8,"8":1,"9":1,"10":2,"11":2,"12":2,"13":2,"14":2,"15":2},"f":{"0":7,"1":9,"2":11},"b":{"0":[8,1]},"_coverageSchema":"1a1c01bbd47fc00a2c39e90264f33305004495a9","hash":"a6dbc1c0661bb05d7185a80f009903cbb71a4f96"}
,"/home/tims/Dev/cenadi-backend-website-final/src/routes/categoryRoutes.js": {"path":"/home/tims/Dev/cenadi-backend-website-final/src/routes/categoryRoutes.js","statementMap":{"0":{"start":{"line":1,"column":16},"end":{"line":1,"column":34}},"1":{"start":{"line":2,"column":15},"end":{"line":2,"column":31}},"2":{"start":{"line":9,"column":4},"end":{"line":9,"column":49}},"3":{"start":{"line":10,"column":35},"end":{"line":10,"column":64}},"4":{"start":{"line":13,"column":0},"end":{"line":13,"column":44}},"5":{"start":{"line":14,"column":0},"end":{"line":14,"column":55}},"6":{"start":{"line":17,"column":0},"end":{"line":17,"column":67}},"7":{"start":{"line":18,"column":0},"end":{"line":18,"column":78}},"8":{"start":{"line":19,"column":0},"end":{"line":19,"column":81}},"9":{"start":{"line":21,"column":0},"end":{"line":21,"column":24}}},"fnMap":{},"branchMap":{},"s":{"0":1,"1":1,"2":1,"3":1,"4":1,"5":1,"6":1,"7":1,"8":1,"9":1},"f":{},"b":{},"_coverageSchema":"1a1c01bbd47fc00a2c39e90264f33305004495a9","hash":"1c959af8e2d40d8caa0eaa56cb0ee2870b8baf99"}
,"/home/tims/Dev/cenadi-backend-website-final/src/routes/contactRoutes.js": {"path":"/home/tims/Dev/cenadi-backend-website-final/src/routes/contactRoutes.js","statementMap":{"0":{"start":{"line":1,"column":16},"end":{"line":1,"column":34}},"1":{"start":{"line":2,"column":15},"end":{"line":2,"column":31}},"2":{"start":{"line":3,"column":29},"end":{"line":3,"column":72}},"3":{"start":{"line":4,"column":27},"end":{"line":4,"column":63}},"4":{"start":{"line":5,"column":36},"end":{"line":5,"column":71}},"5":{"start":{"line":7,"column":0},"end":{"line":7,"column":83}},"6":{"start":{"line":9,"column":0},"end":{"line":9,"column":24}}},"fnMap":{},"branchMap":{},"s":{"0":0,"1":0,"2":0,"3":0,"4":0,"5":0,"6":0},"f":{},"b":{}}
,"/home/tims/Dev/cenadi-backend-website-final/src/routes/newsRoutes.js": {"path":"/home/tims/Dev/cenadi-backend-website-final/src/routes/newsRoutes.js","statementMap":{"0":{"start":{"line":1,"column":16},"end":{"line":1,"column":34}},"1":{"start":{"line":2,"column":15},"end":{"line":2,"column":31}},"2":{"start":{"line":10,"column":4},"end":{"line":10,"column":44}},"3":{"start":{"line":11,"column":35},"end":{"line":11,"column":64}},"4":{"start":{"line":14,"column":0},"end":{"line":14,"column":32}},"5":{"start":{"line":15,"column":0},"end":{"line":15,"column":46}},"6":{"start":{"line":16,"column":0},"end":{"line":16,"column":44}},"7":{"start":{"line":19,"column":0},"end":{"line":19,"column":46}},"8":{"start":{"line":20,"column":0},"end":{"line":20,"column":56}},"9":{"start":{"line":21,"column":0},"end":{"line":21,"column":59}},"10":{"start":{"line":23,"column":0},"end":{"line":23,"column":24}}},"fnMap":{},"branchMap":{},"s":{"0":0,"1":0,"2":0,"3":0,"4":0,"5":0,"6":0,"7":0,"8":0,"9":0,"10":0},"f":{},"b":{}}
,"/home/tims/Dev/cenadi-backend-website-final/src/routes/projectRoutes.js": {"path":"/home/tims/Dev/cenadi-backend-website-final/src/routes/projectRoutes.js","statementMap":{"0":{"start":{"line":1,"column":16},"end":{"line":1,"column":34}},"1":{"start":{"line":2,"column":15},"end":{"line":2,"column":31}},"2":{"start":{"line":9,"column":4},"end":{"line":9,"column":47}},"3":{"start":{"line":10,"column":35},"end":{"line":10,"column":64}},"4":{"start":{"line":13,"column":0},"end":{"line":13,"column":40}},"5":{"start":{"line":14,"column":0},"end":{"line":14,"column":51}},"6":{"start":{"line":17,"column":0},"end":{"line":17,"column":64}},"7":{"start":{"line":18,"column":0},"end":{"line":18,"column":74}},"8":{"start":{"line":19,"column":0},"end":{"line":19,"column":77}},"9":{"start":{"line":21,"column":0},"end":{"line":21,"column":24}}},"fnMap":{},"branchMap":{},"s":{"0":0,"1":0,"2":0,"3":0,"4":0,"5":0,"6":0,"7":0,"8":0,"9":0},"f":{},"b":{}}
,"/home/tims/Dev/cenadi-backend-website-final/src/routes/subcribeRoutes.js": {"path":"/home/tims/Dev/cenadi-backend-website-final/src/routes/subcribeRoutes.js","statementMap":{"0":{"start":{"line":1,"column":16},"end":{"line":1,"column":34}},"1":{"start":{"line":2,"column":15},"end":{"line":2,"column":31}},"2":{"start":{"line":3,"column":30},"end":{"line":3,"column":75}},"3":{"start":{"line":4,"column":27},"end":{"line":4,"column":63}},"4":{"start":{"line":5,"column":38},"end":{"line":5,"column":73}},"5":{"start":{"line":7,"column":0},"end":{"line":7,"column":88}},"6":{"start":{"line":9,"column":0},"end":{"line":9,"column":24}}},"fnMap":{},"branchMap":{},"s":{"0":0,"1":0,"2":0,"3":0,"4":0,"5":0,"6":0},"f":{},"b":{}}
,"/home/tims/Dev/cenadi-backend-website-final/src/routes/userRoutes.js": {"path":"/home/tims/Dev/cenadi-backend-website-final/src/routes/userRoutes.js","statementMap":{"0":{"start":{"line":2,"column":16},"end":{"line":2,"column":34}},"1":{"start":{"line":3,"column":15},"end":{"line":3,"column":31}},"2":{"start":{"line":11,"column":4},"end":{"line":11,"column":44}},"3":{"start":{"line":12,"column":35},"end":{"line":12,"column":64}},"4":{"start":{"line":13,"column":24},"end":{"line":13,"column":60}},"5":{"start":{"line":14,"column":67},"end":{"line":14,"column":102}},"6":{"start":{"line":17,"column":0},"end":{"line":17,"column":73}},"7":{"start":{"line":18,"column":0},"end":{"line":18,"column":73}},"8":{"start":{"line":21,"column":0},"end":{"line":21,"column":47}},"9":{"start":{"line":22,"column":0},"end":{"line":22,"column":55}},"10":{"start":{"line":25,"column":0},"end":{"line":25,"column":93}},"11":{"start":{"line":26,"column":0},"end":{"line":26,"column":68}},"12":{"start":{"line":28,"column":0},"end":{"line":28,"column":24}}},"fnMap":{},"branchMap":{},"s":{"0":1,"1":1,"2":1,"3":1,"4":1,"5":1,"6":1,"7":1,"8":1,"9":1,"10":1,"11":1,"12":1},"f":{},"b":{},"_coverageSchema":"1a1c01bbd47fc00a2c39e90264f33305004495a9","hash":"de3aa4a6d50c51cc43bfcb691f8bac9d591fea5a"}
}
